{"/home/travis/build/npmtest/node-npmtest-gulp-iconify/test.js":{"path":"/home/travis/build/npmtest/node-npmtest-gulp-iconify/test.js","s":{"1":2,"2":2,"3":2,"4":2,"5":2,"6":2,"7":2,"8":1,"9":2,"10":2,"11":1,"12":1,"13":1,"14":1,"15":2,"16":2,"17":2,"18":2,"19":1,"20":1,"21":2,"22":2,"23":2,"24":1,"25":1,"26":1,"27":1,"28":1,"29":1,"30":1,"31":1,"32":1,"33":1,"34":1,"35":1,"36":1,"37":1,"38":1,"39":2,"40":2,"41":1,"42":2,"43":2,"44":1,"45":2,"46":2,"47":1,"48":2,"49":2,"50":1,"51":1,"52":1,"53":1,"54":1},"b":{"1":[2,1,1,1],"2":[1,1,1,1],"3":[1,1],"4":[1,1],"5":[1,1],"6":[1,1],"7":[1,1],"8":[1,1],"9":[1,1],"10":[1,1,1],"11":[1,1],"12":[1,1],"13":[1,1],"14":[1,1],"15":[1,1],"16":[1,1],"17":[1,1]},"f":{"1":2,"2":2,"3":2,"4":2,"5":2,"6":1,"7":1,"8":1,"9":2,"10":2,"11":2,"12":2,"13":1},"fnMap":{"1":{"name":"(anonymous_1)","line":12,"loc":{"start":{"line":12,"column":1},"end":{"line":12,"column":13}}},"2":{"name":"(anonymous_2)","line":19,"loc":{"start":{"line":19,"column":5},"end":{"line":19,"column":17}}},"3":{"name":"(anonymous_3)","line":23,"loc":{"start":{"line":23,"column":24},"end":{"line":23,"column":36}}},"4":{"name":"(anonymous_4)","line":61,"loc":{"start":{"line":61,"column":5},"end":{"line":61,"column":17}}},"5":{"name":"(anonymous_5)","line":82,"loc":{"start":{"line":82,"column":5},"end":{"line":82,"column":17}}},"6":{"name":"(anonymous_6)","line":91,"loc":{"start":{"line":91,"column":77},"end":{"line":94,"column":10}}},"7":{"name":"(anonymous_7)","line":112,"loc":{"start":{"line":112,"column":83},"end":{"line":115,"column":10}},"skip":true},"8":{"name":"(anonymous_8)","line":123,"loc":{"start":{"line":123,"column":77},"end":{"line":126,"column":10}},"skip":true},"9":{"name":"(anonymous_9)","line":139,"loc":{"start":{"line":139,"column":12},"end":{"line":139,"column":40}},"skip":true},"10":{"name":"(anonymous_10)","line":147,"loc":{"start":{"line":147,"column":77},"end":{"line":150,"column":10}},"skip":true},"11":{"name":"(anonymous_11)","line":158,"loc":{"start":{"line":158,"column":83},"end":{"line":161,"column":10}},"skip":true},"12":{"name":"(anonymous_12)","line":169,"loc":{"start":{"line":169,"column":79},"end":{"line":172,"column":10}},"skip":true},"13":{"name":"(anonymous_13)","line":180,"loc":{"start":{"line":180,"column":75},"end":{"line":183,"column":10}},"skip":true}},"statementMap":{"1":{"start":{"line":12,"column":0},"end":{"line":195,"column":5}},"2":{"start":{"line":14,"column":4},"end":{"line":14,"column":14}},"3":{"start":{"line":19,"column":4},"end":{"line":56,"column":9}},"4":{"start":{"line":21,"column":8},"end":{"line":21,"column":19}},"5":{"start":{"line":23,"column":8},"end":{"line":35,"column":13}},"6":{"start":{"line":24,"column":12},"end":{"line":34,"column":13}},"7":{"start":{"line":25,"column":16},"end":{"line":28,"column":30}},"8":{"start":{"line":30,"column":16},"end":{"line":33,"column":27}},"9":{"start":{"line":37,"column":8},"end":{"line":39,"column":21}},"10":{"start":{"line":40,"column":8},"end":{"line":53,"column":9}},"11":{"start":{"line":43,"column":12},"end":{"line":46,"column":14}},"12":{"start":{"line":47,"column":12},"end":{"line":47,"column":18}},"13":{"start":{"line":50,"column":12},"end":{"line":51,"column":33}},"14":{"start":{"line":52,"column":12},"end":{"line":52,"column":18}},"15":{"start":{"line":55,"column":8},"end":{"line":55,"column":35}},"16":{"start":{"line":61,"column":4},"end":{"line":63,"column":9}},"17":{"start":{"line":62,"column":8},"end":{"line":62,"column":15}},"18":{"start":{"line":64,"column":4},"end":{"line":77,"column":5}},"19":{"start":{"line":70,"column":8},"end":{"line":70,"column":14}},"20":{"start":{"line":76,"column":8},"end":{"line":76,"column":14}},"21":{"start":{"line":82,"column":4},"end":{"line":84,"column":9}},"22":{"start":{"line":83,"column":8},"end":{"line":83,"column":15}},"23":{"start":{"line":85,"column":4},"end":{"line":194,"column":5}},"24":{"start":{"line":91,"column":8},"end":{"line":99,"column":10}},"25":{"start":{"line":98,"column":12},"end":{"line":98,"column":35}},"26":{"start":{"line":102,"column":8},"end":{"line":104,"column":63}},"27":{"start":{"line":105,"column":8},"end":{"line":105,"column":14}},"28":{"start":{"line":112,"column":8},"end":{"line":121,"column":10},"skip":true},"29":{"start":{"line":119,"column":12},"end":{"line":119,"column":55},"skip":true},"30":{"start":{"line":120,"column":12},"end":{"line":120,"column":48},"skip":true},"31":{"start":{"line":123,"column":8},"end":{"line":136,"column":10},"skip":true},"32":{"start":{"line":130,"column":12},"end":{"line":130,"column":76},"skip":true},"33":{"start":{"line":131,"column":12},"end":{"line":131,"column":73},"skip":true},"34":{"start":{"line":132,"column":12},"end":{"line":132,"column":74},"skip":true},"35":{"start":{"line":133,"column":12},"end":{"line":133,"column":79},"skip":true},"36":{"start":{"line":134,"column":12},"end":{"line":134,"column":25},"skip":true},"37":{"start":{"line":135,"column":12},"end":{"line":135,"column":45},"skip":true},"38":{"start":{"line":138,"column":8},"end":{"line":145,"column":14},"skip":true},"39":{"start":{"line":143,"column":16},"end":{"line":143,"column":29},"skip":true},"40":{"start":{"line":144,"column":16},"end":{"line":144,"column":55},"skip":true},"41":{"start":{"line":147,"column":8},"end":{"line":156,"column":10},"skip":true},"42":{"start":{"line":154,"column":12},"end":{"line":154,"column":25},"skip":true},"43":{"start":{"line":155,"column":12},"end":{"line":155,"column":45},"skip":true},"44":{"start":{"line":158,"column":8},"end":{"line":167,"column":10},"skip":true},"45":{"start":{"line":165,"column":12},"end":{"line":165,"column":25},"skip":true},"46":{"start":{"line":166,"column":12},"end":{"line":166,"column":48},"skip":true},"47":{"start":{"line":169,"column":8},"end":{"line":178,"column":10},"skip":true},"48":{"start":{"line":176,"column":12},"end":{"line":176,"column":25},"skip":true},"49":{"start":{"line":177,"column":12},"end":{"line":177,"column":46},"skip":true},"50":{"start":{"line":180,"column":8},"end":{"line":189,"column":10},"skip":true},"51":{"start":{"line":187,"column":12},"end":{"line":187,"column":94},"skip":true},"52":{"start":{"line":188,"column":12},"end":{"line":188,"column":48},"skip":true},"53":{"start":{"line":192,"column":8},"end":{"line":192,"column":35},"skip":true},"54":{"start":{"line":193,"column":8},"end":{"line":193,"column":14},"skip":true}},"branchMap":{"1":{"line":25,"type":"binary-expr","locations":[{"start":{"line":25,"column":23},"end":{"line":25,"column":62}},{"start":{"line":26,"column":20},"end":{"line":26,"column":70}},{"start":{"line":27,"column":20},"end":{"line":27,"column":71}},{"start":{"line":28,"column":20},"end":{"line":28,"column":29}}]},"2":{"line":30,"type":"binary-expr","locations":[{"start":{"line":30,"column":23},"end":{"line":30,"column":37}},{"start":{"line":31,"column":20},"end":{"line":31,"column":61}},{"start":{"line":32,"column":20},"end":{"line":32,"column":70}},{"start":{"line":33,"column":20},"end":{"line":33,"column":26}}]},"3":{"line":37,"type":"cond-expr","locations":[{"start":{"line":38,"column":14},"end":{"line":38,"column":20}},{"start":{"line":39,"column":14},"end":{"line":39,"column":20}}]},"4":{"line":40,"type":"switch","locations":[{"start":{"line":42,"column":8},"end":{"line":47,"column":18}},{"start":{"line":49,"column":8},"end":{"line":52,"column":18}}]},"5":{"line":44,"type":"binary-expr","locations":[{"start":{"line":44,"column":16},"end":{"line":44,"column":44}},{"start":{"line":44,"column":48},"end":{"line":44,"column":66}}]},"6":{"line":50,"type":"binary-expr","locations":[{"start":{"line":50,"column":21},"end":{"line":50,"column":49}},{"start":{"line":50,"column":53},"end":{"line":50,"column":72}}]},"7":{"line":64,"type":"switch","locations":[{"start":{"line":69,"column":4},"end":{"line":70,"column":14}},{"start":{"line":75,"column":4},"end":{"line":76,"column":14}}]},"8":{"line":85,"type":"switch","locations":[{"start":{"line":90,"column":4},"end":{"line":105,"column":14}},{"start":{"line":111,"column":4},"end":{"line":193,"column":14},"skip":true}]},"9":{"line":91,"type":"binary-expr","locations":[{"start":{"line":91,"column":42},"end":{"line":91,"column":73}},{"start":{"line":91,"column":77},"end":{"line":99,"column":9}}]},"10":{"line":102,"type":"binary-expr","locations":[{"start":{"line":102,"column":18},"end":{"line":102,"column":32}},{"start":{"line":103,"column":12},"end":{"line":103,"column":53}},{"start":{"line":104,"column":12},"end":{"line":104,"column":61}}]},"11":{"line":112,"type":"binary-expr","locations":[{"start":{"line":112,"column":45},"end":{"line":112,"column":79},"skip":true},{"start":{"line":112,"column":83},"end":{"line":121,"column":9},"skip":true}]},"12":{"line":123,"type":"binary-expr","locations":[{"start":{"line":123,"column":42},"end":{"line":123,"column":73},"skip":true},{"start":{"line":123,"column":77},"end":{"line":136,"column":9},"skip":true}]},"13":{"line":138,"type":"binary-expr","locations":[{"start":{"line":138,"column":48},"end":{"line":138,"column":85},"skip":true},{"start":{"line":139,"column":12},"end":{"line":145,"column":13},"skip":true}]},"14":{"line":147,"type":"binary-expr","locations":[{"start":{"line":147,"column":42},"end":{"line":147,"column":73},"skip":true},{"start":{"line":147,"column":77},"end":{"line":156,"column":9},"skip":true}]},"15":{"line":158,"type":"binary-expr","locations":[{"start":{"line":158,"column":45},"end":{"line":158,"column":79},"skip":true},{"start":{"line":158,"column":83},"end":{"line":167,"column":9},"skip":true}]},"16":{"line":169,"type":"binary-expr","locations":[{"start":{"line":169,"column":43},"end":{"line":169,"column":75},"skip":true},{"start":{"line":169,"column":79},"end":{"line":178,"column":9},"skip":true}]},"17":{"line":180,"type":"binary-expr","locations":[{"start":{"line":180,"column":41},"end":{"line":180,"column":71},"skip":true},{"start":{"line":180,"column":75},"end":{"line":189,"column":9},"skip":true}]}},"code":["/* istanbul instrument in package npmtest_gulp_iconify */","/*jslint","    bitwise: true,","    browser: true,","    maxerr: 8,","    maxlen: 96,","    node: true,","    nomen: true,","    regexp: true,","    stupid: true","*/","(function () {","    'use strict';","    var local;","","","","    // run shared js-env code - init-before","    (function () {","        // init local","        local = {};","        // init modeJs","        local.modeJs = (function () {","            try {","                return typeof navigator.userAgent === 'string' &&","                    typeof document.querySelector('body') === 'object' &&","                    typeof XMLHttpRequest.prototype.open === 'function' &&","                    'browser';","            } catch (errorCaughtBrowser) {","                return module.exports &&","                    typeof process.versions.node === 'string' &&","                    typeof require('http').createServer === 'function' &&","                    'node';","            }","        }());","        // init global","        local.global = local.modeJs === 'browser'","            ? window","            : global;","        switch (local.modeJs) {","        // re-init local from window.local","        case 'browser':","            local = local.global.utility2.objectSetDefault(","                local.global.utility2_rollup || local.global.local,","                local.global.utility2","            );","            break;","        // re-init local from example.js","        case 'node':","            local = (local.global.utility2_rollup || require('utility2'))","                .requireReadme();","            break;","        }","        // export local","        local.global.local = local;","    }());","","","","    // run shared js-env code - function","    (function () {","        return;","    }());","    switch (local.modeJs) {","","","","    // run browser js-env code - function","    case 'browser':","        break;","","","","    // run node js-env code - function","    case 'node':","        break;","    }","","","","    // run shared js-env code - init-after","    (function () {","        return;","    }());","    switch (local.modeJs) {","","","","    // run browser js-env code - init-after","    case 'browser':","        local.testCase_browser_nullCase = local.testCase_browser_nullCase || function (","            options,","            onError","        ) {","        /*","         * this function will test browsers's null-case handling-behavior-behavior","         */","            onError(null, options);","        };","","        // run tests","        local.nop(local.modeTest &&","            document.querySelector('#testRunButton1') &&","            document.querySelector('#testRunButton1').click());","        break;","","","","    // run node js-env code - init-after","    /* istanbul ignore next */","    case 'node':","        local.testCase_buildApidoc_default = local.testCase_buildApidoc_default || function (","            options,","            onError","        ) {","        /*","         * this function will test buildApidoc's default handling-behavior-behavior","         */","            options = { modulePathList: module.paths };","            local.buildApidoc(options, onError);","        };","","        local.testCase_buildApp_default = local.testCase_buildApp_default || function (","            options,","            onError","        ) {","        /*","         * this function will test buildApp's default handling-behavior-behavior","         */","            local.testCase_buildReadme_default(options, local.onErrorThrow);","            local.testCase_buildLib_default(options, local.onErrorThrow);","            local.testCase_buildTest_default(options, local.onErrorThrow);","            local.testCase_buildCustomOrg_default(options, local.onErrorThrow);","            options = [];","            local.buildApp(options, onError);","        };","","        local.testCase_buildCustomOrg_default = local.testCase_buildCustomOrg_default ||","            function (options, onError) {","            /*","             * this function will test buildCustomOrg's default handling-behavior","             */","                options = {};","                local.buildCustomOrg(options, onError);","            };","","        local.testCase_buildLib_default = local.testCase_buildLib_default || function (","            options,","            onError","        ) {","        /*","         * this function will test buildLib's default handling-behavior","         */","            options = {};","            local.buildLib(options, onError);","        };","","        local.testCase_buildReadme_default = local.testCase_buildReadme_default || function (","            options,","            onError","        ) {","        /*","         * this function will test buildReadme's default handling-behavior-behavior","         */","            options = {};","            local.buildReadme(options, onError);","        };","","        local.testCase_buildTest_default = local.testCase_buildTest_default || function (","            options,","            onError","        ) {","        /*","         * this function will test buildTest's default handling-behavior","         */","            options = {};","            local.buildTest(options, onError);","        };","","        local.testCase_webpage_default = local.testCase_webpage_default || function (","            options,","            onError","        ) {","        /*","         * this function will test webpage's default handling-behavior","         */","            options = { modeCoverageMerge: true, url: local.serverLocalHost + '?modeTest=1' };","            local.browserTest(options, onError);","        };","","        // run test-server","        local.testRunServer(local);","        break;","    }","}());",""],"l":{"12":2,"14":2,"19":2,"21":2,"23":2,"24":2,"25":2,"30":1,"37":2,"40":2,"43":1,"47":1,"50":1,"52":1,"55":2,"61":2,"62":2,"64":2,"70":1,"76":1,"82":2,"83":2,"85":2,"91":1,"98":1,"102":1,"105":1,"112":1,"119":1,"120":1,"123":1,"130":1,"131":1,"132":1,"133":1,"134":1,"135":1,"138":1,"143":2,"144":2,"147":1,"154":2,"155":2,"158":1,"165":2,"166":2,"169":1,"176":2,"177":2,"180":1,"187":1,"188":1,"192":1,"193":1}},"/home/travis/build/npmtest/node-npmtest-gulp-iconify/lib.npmtest_gulp_iconify.js":{"path":"/home/travis/build/npmtest/node-npmtest-gulp-iconify/lib.npmtest_gulp_iconify.js","s":{"1":2,"2":2,"3":2,"4":2,"5":2,"6":2,"7":2,"8":1,"9":2,"10":2,"11":2,"12":2,"13":1,"14":1,"15":1,"16":1},"b":{"1":[2,1,1,1],"2":[1,1,1,1],"3":[1,1],"4":[2,2],"5":[1,1]},"f":{"1":2,"2":2,"3":2},"fnMap":{"1":{"name":"(anonymous_1)","line":12,"loc":{"start":{"line":12,"column":1},"end":{"line":12,"column":13}}},"2":{"name":"(anonymous_2)","line":19,"loc":{"start":{"line":19,"column":5},"end":{"line":19,"column":17}}},"3":{"name":"(anonymous_3)","line":23,"loc":{"start":{"line":23,"column":24},"end":{"line":23,"column":36}}}},"statementMap":{"1":{"start":{"line":12,"column":0},"end":{"line":53,"column":5}},"2":{"start":{"line":14,"column":4},"end":{"line":14,"column":14}},"3":{"start":{"line":19,"column":4},"end":{"line":52,"column":9}},"4":{"start":{"line":21,"column":8},"end":{"line":21,"column":19}},"5":{"start":{"line":23,"column":8},"end":{"line":35,"column":13}},"6":{"start":{"line":24,"column":12},"end":{"line":34,"column":13}},"7":{"start":{"line":25,"column":16},"end":{"line":28,"column":30}},"8":{"start":{"line":30,"column":16},"end":{"line":33,"column":27}},"9":{"start":{"line":37,"column":8},"end":{"line":39,"column":21}},"10":{"start":{"line":41,"column":8},"end":{"line":41,"column":54}},"11":{"start":{"line":43,"column":8},"end":{"line":43,"column":57}},"12":{"start":{"line":45,"column":8},"end":{"line":51,"column":9}},"13":{"start":{"line":46,"column":12},"end":{"line":46,"column":63}},"14":{"start":{"line":48,"column":12},"end":{"line":48,"column":35}},"15":{"start":{"line":49,"column":12},"end":{"line":49,"column":49}},"16":{"start":{"line":50,"column":12},"end":{"line":50,"column":43}}},"branchMap":{"1":{"line":25,"type":"binary-expr","locations":[{"start":{"line":25,"column":23},"end":{"line":25,"column":62}},{"start":{"line":26,"column":20},"end":{"line":26,"column":70}},{"start":{"line":27,"column":20},"end":{"line":27,"column":71}},{"start":{"line":28,"column":20},"end":{"line":28,"column":29}}]},"2":{"line":30,"type":"binary-expr","locations":[{"start":{"line":30,"column":23},"end":{"line":30,"column":37}},{"start":{"line":31,"column":20},"end":{"line":31,"column":61}},{"start":{"line":32,"column":20},"end":{"line":32,"column":70}},{"start":{"line":33,"column":20},"end":{"line":33,"column":26}}]},"3":{"line":37,"type":"cond-expr","locations":[{"start":{"line":38,"column":14},"end":{"line":38,"column":20}},{"start":{"line":39,"column":14},"end":{"line":39,"column":20}}]},"4":{"line":41,"type":"binary-expr","locations":[{"start":{"line":41,"column":16},"end":{"line":41,"column":44}},{"start":{"line":41,"column":48},"end":{"line":41,"column":53}}]},"5":{"line":45,"type":"if","locations":[{"start":{"line":45,"column":8},"end":{"line":45,"column":8}},{"start":{"line":45,"column":8},"end":{"line":45,"column":8}}]}},"code":["/* istanbul instrument in package npmtest_gulp_iconify */","/*jslint","    bitwise: true,","    browser: true,","    maxerr: 8,","    maxlen: 96,","    node: true,","    nomen: true,","    regexp: true,","    stupid: true","*/","(function () {","    'use strict';","    var local;","","","","    // run shared js-env code - init-before","    (function () {","        // init local","        local = {};","        // init modeJs","        local.modeJs = (function () {","            try {","                return typeof navigator.userAgent === 'string' &&","                    typeof document.querySelector('body') === 'object' &&","                    typeof XMLHttpRequest.prototype.open === 'function' &&","                    'browser';","            } catch (errorCaughtBrowser) {","                return module.exports &&","                    typeof process.versions.node === 'string' &&","                    typeof require('http').createServer === 'function' &&","                    'node';","            }","        }());","        // init global","        local.global = local.modeJs === 'browser'","            ? window","            : global;","        // init utility2_rollup","        local = local.global.utility2_rollup || local;","        // init lib","        local.local = local.npmtest_gulp_iconify = local;","        // init exports","        if (local.modeJs === 'browser') {","            local.global.utility2_npmtest_gulp_iconify = local;","        } else {","            module.exports = local;","            module.exports.__dirname = __dirname;","            module.exports.module = module;","        }","    }());","}());",""],"l":{"12":2,"14":2,"19":2,"21":2,"23":2,"24":2,"25":2,"30":1,"37":2,"41":2,"43":2,"45":2,"46":1,"48":1,"49":1,"50":1}},"/home/travis/build/npmtest/node-npmtest-gulp-iconify/example.js":{"path":"/home/travis/build/npmtest/node-npmtest-gulp-iconify/example.js","s":{"1":2,"2":2,"3":2,"4":2,"5":2,"6":2,"7":2,"8":1,"9":2,"10":2,"11":2,"12":2,"13":1,"14":2,"15":2,"16":2,"17":2,"18":2,"19":0,"20":2,"21":1,"22":1,"23":1,"24":1,"25":1,"26":0,"27":0,"28":1,"29":1,"30":2,"31":0,"32":0,"33":0,"34":1,"35":2,"36":2,"37":3,"38":3,"39":3,"40":3,"41":0,"42":3,"43":3,"44":3,"45":1,"46":3,"47":1,"48":1,"49":1,"50":1,"51":1,"52":1,"53":1,"54":1,"55":1,"56":1,"57":0,"58":1,"59":6,"60":6,"61":1,"62":2,"63":0,"64":2,"65":1,"66":1,"67":0,"68":0,"69":0,"70":0,"71":0,"72":0,"73":0,"74":0,"75":0,"76":0,"77":0,"78":0,"79":0,"80":0,"81":0,"82":0,"83":0},"b":{"1":[2,1,1,1],"2":[1,1,1,1],"3":[1,1],"4":[2,2],"5":[1,1],"6":[1,1],"7":[2,0],"8":[2,1,1,1,1,1],"9":[0,2,0],"10":[1,1],"11":[2,1,1],"12":[1,0],"13":[0,2],"14":[2,0,0,0,0,0,0],"15":[0,3],"16":[3,0],"17":[1,1],"18":[0,1],"19":[1,2,0,2],"20":[1,0],"21":[1,1],"22":[0,0],"23":[0,0],"24":[0,0],"25":[0,0],"26":[0,0],"27":[0,0],"28":[0,0]},"f":{"1":2,"2":2,"3":2,"4":2,"5":2,"6":2,"7":3,"8":3,"9":3,"10":1,"11":6,"12":0},"fnMap":{"1":{"name":"(anonymous_1)","line":26,"loc":{"start":{"line":26,"column":1},"end":{"line":26,"column":13}}},"2":{"name":"(anonymous_2)","line":33,"loc":{"start":{"line":33,"column":5},"end":{"line":33,"column":17}}},"3":{"name":"(anonymous_3)","line":37,"loc":{"start":{"line":37,"column":24},"end":{"line":37,"column":36}}},"4":{"name":"(anonymous_4)","line":69,"loc":{"start":{"line":69,"column":31},"end":{"line":69,"column":48}},"skip":true},"5":{"name":"(anonymous_5)","line":78,"loc":{"start":{"line":78,"column":26},"end":{"line":78,"column":45}},"skip":true},"6":{"name":"(anonymous_6)","line":123,"loc":{"start":{"line":123,"column":33},"end":{"line":123,"column":48}},"skip":true},"7":{"name":"(anonymous_7)","line":125,"loc":{"start":{"line":125,"column":27},"end":{"line":125,"column":39}},"skip":true},"8":{"name":"(anonymous_8)","line":133,"loc":{"start":{"line":133,"column":59},"end":{"line":133,"column":74}},"skip":true},"9":{"name":"(anonymous_9)","line":143,"loc":{"start":{"line":143,"column":45},"end":{"line":143,"column":62}},"skip":true},"10":{"name":"(anonymous_10)","line":144,"loc":{"start":{"line":144,"column":73},"end":{"line":144,"column":92}},"skip":true},"11":{"name":"(anonymous_11)","line":272,"loc":{"start":{"line":272,"column":51},"end":{"line":272,"column":77}},"skip":true},"12":{"name":"(anonymous_12)","line":315,"loc":{"start":{"line":315,"column":32},"end":{"line":315,"column":61}},"skip":true}},"statementMap":{"1":{"start":{"line":26,"column":0},"end":{"line":326,"column":5}},"2":{"start":{"line":28,"column":4},"end":{"line":28,"column":14}},"3":{"start":{"line":33,"column":4},"end":{"line":60,"column":9}},"4":{"start":{"line":35,"column":8},"end":{"line":35,"column":19}},"5":{"start":{"line":37,"column":8},"end":{"line":49,"column":13}},"6":{"start":{"line":38,"column":12},"end":{"line":48,"column":13}},"7":{"start":{"line":39,"column":16},"end":{"line":42,"column":30}},"8":{"start":{"line":44,"column":16},"end":{"line":47,"column":27}},"9":{"start":{"line":51,"column":8},"end":{"line":53,"column":21}},"10":{"start":{"line":55,"column":8},"end":{"line":57,"column":45}},"11":{"start":{"line":59,"column":8},"end":{"line":59,"column":35}},"12":{"start":{"line":61,"column":4},"end":{"line":325,"column":5}},"13":{"start":{"line":69,"column":8},"end":{"line":121,"column":10},"skip":true},"14":{"start":{"line":70,"column":12},"end":{"line":88,"column":13},"skip":true},"15":{"start":{"line":76,"column":16},"end":{"line":87,"column":19},"skip":true},"16":{"start":{"line":79,"column":20},"end":{"line":86,"column":21},"skip":true},"17":{"start":{"line":82,"column":24},"end":{"line":82,"column":43},"skip":true},"18":{"start":{"line":83,"column":24},"end":{"line":83,"column":30},"skip":true},"19":{"start":{"line":85,"column":24},"end":{"line":85,"column":49},"skip":true},"20":{"start":{"line":89,"column":12},"end":{"line":107,"column":13},"skip":true},"21":{"start":{"line":92,"column":16},"end":{"line":102,"column":17},"skip":true},"22":{"start":{"line":93,"column":20},"end":{"line":93,"column":86},"skip":true},"23":{"start":{"line":94,"column":20},"end":{"line":95,"column":45},"skip":true},"24":{"start":{"line":96,"column":20},"end":{"line":96,"column":42},"skip":true},"25":{"start":{"line":97,"column":20},"end":{"line":97,"column":48},"skip":true},"26":{"start":{"line":100,"column":20},"end":{"line":100,"column":85},"skip":true},"27":{"start":{"line":101,"column":20},"end":{"line":101,"column":96},"skip":true},"28":{"start":{"line":103,"column":16},"end":{"line":103,"column":22},"skip":true},"29":{"start":{"line":106,"column":16},"end":{"line":106,"column":22},"skip":true},"30":{"start":{"line":108,"column":12},"end":{"line":120,"column":13},"skip":true},"31":{"start":{"line":114,"column":16},"end":{"line":119,"column":17},"skip":true},"32":{"start":{"line":116,"column":20},"end":{"line":116,"column":78},"skip":true},"33":{"start":{"line":118,"column":20},"end":{"line":118,"column":47},"skip":true},"34":{"start":{"line":123,"column":8},"end":{"line":141,"column":11},"skip":true},"35":{"start":{"line":124,"column":12},"end":{"line":124,"column":54},"skip":true},"36":{"start":{"line":125,"column":12},"end":{"line":140,"column":14},"skip":true},"37":{"start":{"line":126,"column":16},"end":{"line":126,"column":28},"skip":true},"38":{"start":{"line":127,"column":16},"end":{"line":127,"column":69},"skip":true},"39":{"start":{"line":128,"column":16},"end":{"line":128,"column":75},"skip":true},"40":{"start":{"line":129,"column":16},"end":{"line":131,"column":17},"skip":true},"41":{"start":{"line":130,"column":20},"end":{"line":130,"column":27},"skip":true},"42":{"start":{"line":133,"column":16},"end":{"line":137,"column":36},"skip":true},"43":{"start":{"line":134,"column":20},"end":{"line":136,"column":55},"skip":true},"44":{"start":{"line":139,"column":16},"end":{"line":139,"column":57},"skip":true},"45":{"start":{"line":143,"column":8},"end":{"line":147,"column":11},"skip":true},"46":{"start":{"line":144,"column":12},"end":{"line":146,"column":15},"skip":true},"47":{"start":{"line":145,"column":16},"end":{"line":145,"column":70},"skip":true},"48":{"start":{"line":149,"column":8},"end":{"line":149,"column":31},"skip":true},"49":{"start":{"line":150,"column":8},"end":{"line":150,"column":14},"skip":true},"50":{"start":{"line":158,"column":8},"end":{"line":158,"column":31},"skip":true},"51":{"start":{"line":160,"column":8},"end":{"line":160,"column":33},"skip":true},"52":{"start":{"line":161,"column":8},"end":{"line":161,"column":37},"skip":true},"53":{"start":{"line":162,"column":8},"end":{"line":162,"column":35},"skip":true},"54":{"start":{"line":164,"column":8},"end":{"line":164,"column":50},"skip":true},"55":{"start":{"line":166,"column":8},"end":{"line":256,"column":2},"skip":true},"56":{"start":{"line":258,"column":8},"end":{"line":286,"column":9},"skip":true},"57":{"start":{"line":259,"column":12},"end":{"line":269,"column":14},"skip":true},"58":{"start":{"line":271,"column":12},"end":{"line":285,"column":19},"skip":true},"59":{"start":{"line":274,"column":20},"end":{"line":274,"column":35},"skip":true},"60":{"start":{"line":275,"column":20},"end":{"line":284,"column":21},"skip":true},"61":{"start":{"line":277,"column":24},"end":{"line":277,"column":64},"skip":true},"62":{"start":{"line":279,"column":24},"end":{"line":279,"column":40},"skip":true},"63":{"start":{"line":281,"column":24},"end":{"line":281,"column":40},"skip":true},"64":{"start":{"line":283,"column":24},"end":{"line":283,"column":39},"skip":true},"65":{"start":{"line":288,"column":8},"end":{"line":290,"column":9},"skip":true},"66":{"start":{"line":289,"column":12},"end":{"line":289,"column":18},"skip":true},"67":{"start":{"line":291,"column":8},"end":{"line":293,"column":54},"skip":true},"68":{"start":{"line":296,"column":8},"end":{"line":301,"column":37},"skip":true},"69":{"start":{"line":303,"column":8},"end":{"line":303,"column":82},"skip":true},"70":{"start":{"line":306,"column":8},"end":{"line":308,"column":9},"skip":true},"71":{"start":{"line":307,"column":12},"end":{"line":307,"column":82},"skip":true},"72":{"start":{"line":310,"column":8},"end":{"line":312,"column":9},"skip":true},"73":{"start":{"line":311,"column":12},"end":{"line":311,"column":18},"skip":true},"74":{"start":{"line":313,"column":8},"end":{"line":313,"column":54},"skip":true},"75":{"start":{"line":314,"column":8},"end":{"line":314,"column":69},"skip":true},"76":{"start":{"line":315,"column":8},"end":{"line":323,"column":36},"skip":true},"77":{"start":{"line":316,"column":12},"end":{"line":316,"column":61},"skip":true},"78":{"start":{"line":317,"column":12},"end":{"line":320,"column":13},"skip":true},"79":{"start":{"line":318,"column":16},"end":{"line":318,"column":75},"skip":true},"80":{"start":{"line":319,"column":16},"end":{"line":319,"column":23},"skip":true},"81":{"start":{"line":321,"column":12},"end":{"line":321,"column":38},"skip":true},"82":{"start":{"line":322,"column":12},"end":{"line":322,"column":27},"skip":true},"83":{"start":{"line":324,"column":8},"end":{"line":324,"column":14},"skip":true}},"branchMap":{"1":{"line":39,"type":"binary-expr","locations":[{"start":{"line":39,"column":23},"end":{"line":39,"column":62}},{"start":{"line":40,"column":20},"end":{"line":40,"column":70}},{"start":{"line":41,"column":20},"end":{"line":41,"column":71}},{"start":{"line":42,"column":20},"end":{"line":42,"column":29}}]},"2":{"line":44,"type":"binary-expr","locations":[{"start":{"line":44,"column":23},"end":{"line":44,"column":37}},{"start":{"line":45,"column":20},"end":{"line":45,"column":61}},{"start":{"line":46,"column":20},"end":{"line":46,"column":70}},{"start":{"line":47,"column":20},"end":{"line":47,"column":26}}]},"3":{"line":51,"type":"cond-expr","locations":[{"start":{"line":52,"column":14},"end":{"line":52,"column":20}},{"start":{"line":53,"column":14},"end":{"line":53,"column":20}}]},"4":{"line":55,"type":"binary-expr","locations":[{"start":{"line":55,"column":16},"end":{"line":55,"column":44}},{"start":{"line":55,"column":49},"end":{"line":57,"column":43}}]},"5":{"line":55,"type":"cond-expr","locations":[{"start":{"line":56,"column":14},"end":{"line":56,"column":56}},{"start":{"line":57,"column":14},"end":{"line":57,"column":43}}]},"6":{"line":61,"type":"switch","locations":[{"start":{"line":68,"column":4},"end":{"line":150,"column":14},"skip":true},{"start":{"line":156,"column":4},"end":{"line":324,"column":14},"skip":true}]},"7":{"line":70,"type":"if","locations":[{"start":{"line":70,"column":12},"end":{"line":70,"column":12},"skip":true},{"start":{"line":70,"column":12},"end":{"line":70,"column":12},"skip":true}]},"8":{"line":70,"type":"binary-expr","locations":[{"start":{"line":70,"column":16},"end":{"line":70,"column":22},"skip":true},{"start":{"line":70,"column":27},"end":{"line":70,"column":32},"skip":true},{"start":{"line":71,"column":20},"end":{"line":71,"column":39},"skip":true},{"start":{"line":72,"column":20},"end":{"line":72,"column":49},"skip":true},{"start":{"line":73,"column":20},"end":{"line":73,"column":58},"skip":true},{"start":{"line":74,"column":20},"end":{"line":74,"column":69},"skip":true}]},"9":{"line":79,"type":"switch","locations":[{"start":{"line":80,"column":20},"end":{"line":80,"column":33},"skip":true},{"start":{"line":81,"column":20},"end":{"line":83,"column":30},"skip":true},{"start":{"line":84,"column":20},"end":{"line":85,"column":49},"skip":true}]},"10":{"line":89,"type":"switch","locations":[{"start":{"line":90,"column":12},"end":{"line":103,"column":22},"skip":true},{"start":{"line":105,"column":12},"end":{"line":106,"column":22},"skip":true}]},"11":{"line":89,"type":"binary-expr","locations":[{"start":{"line":89,"column":20},"end":{"line":89,"column":25},"skip":true},{"start":{"line":89,"column":29},"end":{"line":89,"column":48},"skip":true},{"start":{"line":89,"column":52},"end":{"line":89,"column":74},"skip":true}]},"12":{"line":92,"type":"if","locations":[{"start":{"line":92,"column":16},"end":{"line":92,"column":16},"skip":true},{"start":{"line":92,"column":16},"end":{"line":92,"column":16},"skip":true}]},"13":{"line":108,"type":"if","locations":[{"start":{"line":108,"column":12},"end":{"line":108,"column":12},"skip":true},{"start":{"line":108,"column":12},"end":{"line":108,"column":12},"skip":true}]},"14":{"line":108,"type":"binary-expr","locations":[{"start":{"line":108,"column":16},"end":{"line":108,"column":61},"skip":true},{"start":{"line":108,"column":66},"end":{"line":108,"column":72},"skip":true},{"start":{"line":108,"column":77},"end":{"line":108,"column":82},"skip":true},{"start":{"line":109,"column":20},"end":{"line":109,"column":39},"skip":true},{"start":{"line":110,"column":20},"end":{"line":110,"column":49},"skip":true},{"start":{"line":111,"column":20},"end":{"line":111,"column":58},"skip":true},{"start":{"line":112,"column":20},"end":{"line":112,"column":68},"skip":true}]},"15":{"line":129,"type":"if","locations":[{"start":{"line":129,"column":16},"end":{"line":129,"column":16},"skip":true},{"start":{"line":129,"column":16},"end":{"line":129,"column":16},"skip":true}]},"16":{"line":134,"type":"cond-expr","locations":[{"start":{"line":135,"column":26},"end":{"line":135,"column":29},"skip":true},{"start":{"line":136,"column":26},"end":{"line":136,"column":54},"skip":true}]},"17":{"line":164,"type":"binary-expr","locations":[{"start":{"line":164,"column":27},"end":{"line":164,"column":43},"skip":true},{"start":{"line":164,"column":47},"end":{"line":164,"column":49},"skip":true}]},"18":{"line":258,"type":"if","locations":[{"start":{"line":258,"column":8},"end":{"line":258,"column":8},"skip":true},{"start":{"line":258,"column":8},"end":{"line":258,"column":8},"skip":true}]},"19":{"line":275,"type":"switch","locations":[{"start":{"line":276,"column":20},"end":{"line":277,"column":64},"skip":true},{"start":{"line":278,"column":20},"end":{"line":279,"column":40},"skip":true},{"start":{"line":280,"column":20},"end":{"line":281,"column":40},"skip":true},{"start":{"line":282,"column":20},"end":{"line":283,"column":39},"skip":true}]},"20":{"line":288,"type":"if","locations":[{"start":{"line":288,"column":8},"end":{"line":288,"column":8},"skip":true},{"start":{"line":288,"column":8},"end":{"line":288,"column":8},"skip":true}]},"21":{"line":288,"type":"binary-expr","locations":[{"start":{"line":288,"column":12},"end":{"line":288,"column":40},"skip":true},{"start":{"line":288,"column":44},"end":{"line":288,"column":67},"skip":true}]},"22":{"line":292,"type":"binary-expr","locations":[{"start":{"line":292,"column":12},"end":{"line":292,"column":50},"skip":true},{"start":{"line":293,"column":12},"end":{"line":293,"column":53},"skip":true}]},"23":{"line":297,"type":"binary-expr","locations":[{"start":{"line":297,"column":12},"end":{"line":297,"column":70},"skip":true},{"start":{"line":298,"column":12},"end":{"line":301,"column":36},"skip":true}]},"24":{"line":303,"type":"binary-expr","locations":[{"start":{"line":303,"column":43},"end":{"line":303,"column":75},"skip":true},{"start":{"line":303,"column":79},"end":{"line":303,"column":81},"skip":true}]},"25":{"line":306,"type":"if","locations":[{"start":{"line":306,"column":8},"end":{"line":306,"column":8},"skip":true},{"start":{"line":306,"column":8},"end":{"line":306,"column":8},"skip":true}]},"26":{"line":310,"type":"if","locations":[{"start":{"line":310,"column":8},"end":{"line":310,"column":8},"skip":true},{"start":{"line":310,"column":8},"end":{"line":310,"column":8},"skip":true}]},"27":{"line":313,"type":"binary-expr","locations":[{"start":{"line":313,"column":27},"end":{"line":313,"column":43},"skip":true},{"start":{"line":313,"column":47},"end":{"line":313,"column":53},"skip":true}]},"28":{"line":317,"type":"if","locations":[{"start":{"line":317,"column":12},"end":{"line":317,"column":12},"skip":true},{"start":{"line":317,"column":12},"end":{"line":317,"column":12},"skip":true}]}},"code":["/*","example.js","","quickstart example","","instruction","    1. save this script as example.js","    2. run the shell command:","        $ npm install npmtest-gulp-iconify && PORT=8081 node example.js","    3. play with the browser-demo on http://127.0.0.1:8081","*/","","","","/* istanbul instrument in package npmtest_gulp_iconify */","/*jslint","    bitwise: true,","    browser: true,","    maxerr: 8,","    maxlen: 96,","    node: true,","    nomen: true,","    regexp: true,","    stupid: true","*/","(function () {","    'use strict';","    var local;","","","","    // run shared js-env code - init-before","    (function () {","        // init local","        local = {};","        // init modeJs","        local.modeJs = (function () {","            try {","                return typeof navigator.userAgent === 'string' &&","                    typeof document.querySelector('body') === 'object' &&","                    typeof XMLHttpRequest.prototype.open === 'function' &&","                    'browser';","            } catch (errorCaughtBrowser) {","                return module.exports &&","                    typeof process.versions.node === 'string' &&","                    typeof require('http').createServer === 'function' &&","                    'node';","            }","        }());","        // init global","        local.global = local.modeJs === 'browser'","            ? window","            : global;","        // init utility2_rollup","        local = local.global.utility2_rollup || (local.modeJs === 'browser'","            ? local.global.utility2_npmtest_gulp_iconify","            : global.utility2_moduleExports);","        // export local","        local.global.local = local;","    }());","    switch (local.modeJs) {","","","","    // init-after","    // run browser js-env code - init-after","    /* istanbul ignore next */","    case 'browser':","        local.testRunBrowser = function (event) {","            if (!event || (event &&","                    event.currentTarget &&","                    event.currentTarget.className &&","                    event.currentTarget.className.includes &&","                    event.currentTarget.className.includes('onreset'))) {","                // reset output","                Array.from(","                    document.querySelectorAll('body > .resettable')","                ).forEach(function (element) {","                    switch (element.tagName) {","                    case 'INPUT':","                    case 'TEXTAREA':","                        element.value = '';","                        break;","                    default:","                        element.textContent = '';","                    }","                });","            }","            switch (event && event.currentTarget && event.currentTarget.id) {","            case 'testRunButton1':","                // show tests","                if (document.querySelector('#testReportDiv1').style.display === 'none') {","                    document.querySelector('#testReportDiv1').style.display = 'block';","                    document.querySelector('#testRunButton1').textContent =","                        'hide internal test';","                    local.modeTest = true;","                    local.testRunDefault(local);","                // hide tests","                } else {","                    document.querySelector('#testReportDiv1').style.display = 'none';","                    document.querySelector('#testRunButton1').textContent = 'run internal test';","                }","                break;","            // custom-case","            default:","                break;","            }","            if (document.querySelector('#inputTextareaEval1') && (!event || (event &&","                    event.currentTarget &&","                    event.currentTarget.className &&","                    event.currentTarget.className.includes &&","                    event.currentTarget.className.includes('oneval')))) {","                // try to eval input-code","                try {","                    /*jslint evil: true*/","                    eval(document.querySelector('#inputTextareaEval1').value);","                } catch (errorCaught) {","                    console.error(errorCaught);","                }","            }","        };","        // log stderr and stdout to #outputTextareaStdout1","        ['error', 'log'].forEach(function (key) {","            console[key + '_original'] = console[key];","            console[key] = function () {","                var element;","                console[key + '_original'].apply(console, arguments);","                element = document.querySelector('#outputTextareaStdout1');","                if (!element) {","                    return;","                }","                // append text to #outputTextareaStdout1","                element.value += Array.from(arguments).map(function (arg) {","                    return typeof arg === 'string'","                        ? arg","                        : JSON.stringify(arg, null, 4);","                }).join(' ') + '\\n';","                // scroll textarea to bottom","                element.scrollTop = element.scrollHeight;","            };","        });","        // init event-handling","        ['change', 'click', 'keyup'].forEach(function (event) {","            Array.from(document.querySelectorAll('.on' + event)).forEach(function (element) {","                element.addEventListener(event, local.testRunBrowser);","            });","        });","        // run tests","        local.testRunBrowser();","        break;","","","","    // run node js-env code - init-after","    /* istanbul ignore next */","    case 'node':","        // export local","        module.exports = local;","        // require modules","        local.fs = require('fs');","        local.http = require('http');","        local.url = require('url');","        // init assets","        local.assetsDict = local.assetsDict || {};","        /* jslint-ignore-begin */","        local.assetsDict['/assets.index.template.html'] = '\\","<!doctype html>\\n\\","<html lang=\"en\">\\n\\","<head>\\n\\","<meta charset=\"UTF-8\">\\n\\","<meta name=\"viewport\" content=\"width=device-width, initial-scale=1\">\\n\\","<title>{{env.npm_package_name}} (v{{env.npm_package_version}})</title>\\n\\","<style>\\n\\","/*csslint\\n\\","    box-sizing: false,\\n\\","    universal-selector: false\\n\\","*/\\n\\","* {\\n\\","    box-sizing: border-box;\\n\\","}\\n\\","body {\\n\\","    background: #dde;\\n\\","    font-family: Arial, Helvetica, sans-serif;\\n\\","    margin: 2rem;\\n\\","}\\n\\","body > * {\\n\\","    margin-bottom: 1rem;\\n\\","}\\n\\",".utility2FooterDiv {\\n\\","    margin-top: 20px;\\n\\","    text-align: center;\\n\\","}\\n\\","</style>\\n\\","<style>\\n\\","/*csslint\\n\\","*/\\n\\","textarea {\\n\\","    font-family: monospace;\\n\\","    height: 10rem;\\n\\","    width: 100%;\\n\\","}\\n\\","textarea[readonly] {\\n\\","    background: #ddd;\\n\\","}\\n\\","</style>\\n\\","</head>\\n\\","<body>\\n\\","<!-- utility2-comment\\n\\","<div id=\"ajaxProgressDiv1\" style=\"background: #d00; height: 2px; left: 0; margin: 0; padding: 0; position: fixed; top: 0; transition: background 0.5s, width 1.5s; width: 25%;\"></div>\\n\\","utility2-comment -->\\n\\","<h1>\\n\\","<!-- utility2-comment\\n\\","    <a\\n\\","        {{#if env.npm_package_homepage}}\\n\\","        href=\"{{env.npm_package_homepage}}\"\\n\\","        {{/if env.npm_package_homepage}}\\n\\","        target=\"_blank\"\\n\\","    >\\n\\","utility2-comment -->\\n\\","        {{env.npm_package_name}} (v{{env.npm_package_version}})\\n\\","<!-- utility2-comment\\n\\","    </a>\\n\\","utility2-comment -->\\n\\","</h1>\\n\\","<h3>{{env.npm_package_description}}</h3>\\n\\","<!-- utility2-comment\\n\\","<h4><a download href=\"assets.app.js\">download standalone app</a></h4>\\n\\","<button class=\"onclick onreset\" id=\"testRunButton1\">run internal test</button><br>\\n\\","<div id=\"testReportDiv1\" style=\"display: none;\"></div>\\n\\","utility2-comment -->\\n\\","\\n\\","\\n\\","\\n\\","<label>stderr and stdout</label>\\n\\","<textarea class=\"resettable\" id=\"outputTextareaStdout1\" readonly></textarea>\\n\\","<!-- utility2-comment\\n\\","{{#if isRollup}}\\n\\","<script src=\"assets.app.js\"></script>\\n\\","{{#unless isRollup}}\\n\\","utility2-comment -->\\n\\","<script src=\"assets.utility2.rollup.js\"></script>\\n\\","<script src=\"jsonp.utility2._stateInit?callback=window.utility2._stateInit\"></script>\\n\\","<script src=\"assets.npmtest_gulp_iconify.rollup.js\"></script>\\n\\","<script src=\"assets.example.js\"></script>\\n\\","<script src=\"assets.test.js\"></script>\\n\\","<!-- utility2-comment\\n\\","{{/if isRollup}}\\n\\","utility2-comment -->\\n\\","<div class=\"utility2FooterDiv\">\\n\\","    [ this app was created with\\n\\","    <a href=\"https://github.com/kaizhu256/node-utility2\" target=\"_blank\">utility2</a>\\n\\","    ]\\n\\","</div>\\n\\","</body>\\n\\","</html>\\n\\","';","        /* jslint-ignore-end */","        if (local.templateRender) {","            local.assetsDict['/'] = local.templateRender(","                local.assetsDict['/assets.index.template.html'],","                {","                    env: local.objectSetDefault(local.env, {","                        npm_package_description: 'the greatest app in the world!',","                        npm_package_name: 'my-app',","                        npm_package_nameAlias: 'my_app',","                        npm_package_version: '0.0.1'","                    })","                }","            );","        } else {","            local.assetsDict['/'] = local.assetsDict['/assets.index.template.html']","                .replace((/\\{\\{env\\.(\\w+?)\\}\\}/g), function (match0, match1) {","                    // jslint-hack","                    String(match0);","                    switch (match1) {","                    case 'npm_package_description':","                        return 'the greatest app in the world!';","                    case 'npm_package_name':","                        return 'my-app';","                    case 'npm_package_nameAlias':","                        return 'my_app';","                    case 'npm_package_version':","                        return '0.0.1';","                    }","                });","        }","        // run the cli","        if (local.global.utility2_rollup || module !== require.main) {","            break;","        }","        local.assetsDict['/assets.example.js'] =","            local.assetsDict['/assets.example.js'] ||","            local.fs.readFileSync(__filename, 'utf8');","        // bug-workaround - long $npm_package_buildCustomOrg","        /* jslint-ignore-begin */","        local.assetsDict['/assets.npmtest_gulp_iconify.rollup.js'] =","            local.assetsDict['/assets.npmtest_gulp_iconify.rollup.js'] ||","            local.fs.readFileSync(","                local.npmtest_gulp_iconify.__dirname + '/lib.npmtest_gulp_iconify.js',","                'utf8'","            ).replace((/^#!/), '//');","        /* jslint-ignore-end */","        local.assetsDict['/favicon.ico'] = local.assetsDict['/favicon.ico'] || '';","        // if $npm_config_timeout_exit exists,","        // then exit this process after $npm_config_timeout_exit ms","        if (Number(process.env.npm_config_timeout_exit)) {","            setTimeout(process.exit, Number(process.env.npm_config_timeout_exit));","        }","        // start server","        if (local.global.utility2_serverHttp1) {","            break;","        }","        process.env.PORT = process.env.PORT || '8081';","        console.error('server starting on port ' + process.env.PORT);","        local.http.createServer(function (request, response) {","            request.urlParsed = local.url.parse(request.url);","            if (local.assetsDict[request.urlParsed.pathname] !== undefined) {","                response.end(local.assetsDict[request.urlParsed.pathname]);","                return;","            }","            response.statusCode = 404;","            response.end();","        }).listen(process.env.PORT);","        break;","    }","}());",""],"l":{"26":2,"28":2,"33":2,"35":2,"37":2,"38":2,"39":2,"44":1,"51":2,"55":2,"59":2,"61":2,"69":1,"70":2,"76":2,"79":2,"82":2,"83":2,"85":1,"89":2,"92":1,"93":1,"94":1,"96":1,"97":1,"100":1,"101":1,"103":1,"106":1,"108":2,"114":1,"116":1,"118":1,"123":1,"124":2,"125":2,"126":3,"127":3,"128":3,"129":3,"130":1,"133":3,"134":3,"139":3,"143":1,"144":3,"145":1,"149":1,"150":1,"158":1,"160":1,"161":1,"162":1,"164":1,"166":1,"258":1,"259":1,"271":1,"274":6,"275":6,"277":1,"279":2,"281":1,"283":2,"288":1,"289":1,"291":1,"296":1,"303":1,"306":1,"307":1,"310":1,"311":1,"313":1,"314":1,"315":1,"316":1,"317":1,"318":1,"319":1,"321":1,"322":1,"324":1}},"/home/travis/build/npmtest/node-npmtest-gulp-iconify/node_modules/gulp-iconify/index.js":{"path":"/home/travis/build/npmtest/node-npmtest-gulp-iconify/node_modules/gulp-iconify/index.js","s":{"1":1,"2":1,"3":1,"4":1,"5":1,"6":1,"7":1,"8":1,"9":1,"10":0,"11":0,"12":0,"13":0,"14":0,"15":0,"16":0,"17":1,"18":0,"19":0,"20":0,"21":0,"22":0,"23":0,"24":0,"25":0,"26":0,"27":0,"28":0,"29":0,"30":0,"31":0,"32":0,"33":0,"34":0,"35":0,"36":0,"37":0,"38":0,"39":0,"40":0,"41":0,"42":0,"43":0,"44":0,"45":0,"46":0,"47":0,"48":0,"49":0,"50":0,"51":0,"52":0,"53":1,"54":0,"55":0,"56":0,"57":0,"58":0,"59":0,"60":0,"61":0,"62":0,"63":0,"64":0,"65":0,"66":0,"67":0,"68":0,"69":0,"70":0,"71":0,"72":0,"73":0,"74":0,"75":0,"76":0,"77":0},"b":{"1":[0,0],"2":[0,0],"3":[0,0],"4":[0,0],"5":[0,0],"6":[0,0],"7":[0,0],"8":[0,0],"9":[0,0],"10":[0,0],"11":[0,0],"12":[0,0],"13":[0,0],"14":[0,0],"15":[0,0],"16":[0,0],"17":[0,0]},"f":{"1":0,"2":0,"3":0,"4":0,"5":0,"6":0,"7":0,"8":0,"9":0,"10":0,"11":0},"fnMap":{"1":{"name":"getErrors","line":10,"loc":{"start":{"line":10,"column":0},"end":{"line":10,"column":25}}},"2":{"name":"(anonymous_2)","line":18,"loc":{"start":{"line":18,"column":35},"end":{"line":18,"column":47}}},"3":{"name":"setFallbacks","line":26,"loc":{"start":{"line":26,"column":0},"end":{"line":26,"column":28}}},"4":{"name":"(anonymous_4)","line":47,"loc":{"start":{"line":47,"column":49},"end":{"line":47,"column":64}}},"5":{"name":"(anonymous_5)","line":87,"loc":{"start":{"line":87,"column":37},"end":{"line":87,"column":49}}},"6":{"name":"(anonymous_6)","line":93,"loc":{"start":{"line":93,"column":17},"end":{"line":93,"column":32}}},"7":{"name":"(anonymous_7)","line":100,"loc":{"start":{"line":100,"column":31},"end":{"line":100,"column":44}}},"8":{"name":"(anonymous_8)","line":104,"loc":{"start":{"line":104,"column":52},"end":{"line":104,"column":63}}},"9":{"name":"(anonymous_9)","line":129,"loc":{"start":{"line":129,"column":72},"end":{"line":129,"column":83}}},"10":{"name":"(anonymous_10)","line":143,"loc":{"start":{"line":143,"column":71},"end":{"line":143,"column":82}}},"11":{"name":"(anonymous_11)","line":156,"loc":{"start":{"line":156,"column":82},"end":{"line":156,"column":93}}}},"statementMap":{"1":{"start":{"line":1,"column":0},"end":{"line":1,"column":30}},"2":{"start":{"line":2,"column":0},"end":{"line":2,"column":39}},"3":{"start":{"line":3,"column":0},"end":{"line":3,"column":29}},"4":{"start":{"line":4,"column":0},"end":{"line":4,"column":38}},"5":{"start":{"line":5,"column":0},"end":{"line":5,"column":48}},"6":{"start":{"line":6,"column":0},"end":{"line":6,"column":35}},"7":{"start":{"line":7,"column":0},"end":{"line":7,"column":30}},"8":{"start":{"line":8,"column":0},"end":{"line":8,"column":28}},"9":{"start":{"line":10,"column":0},"end":{"line":24,"column":1}},"10":{"start":{"line":11,"column":4},"end":{"line":11,"column":19}},"11":{"start":{"line":13,"column":4},"end":{"line":15,"column":5}},"12":{"start":{"line":14,"column":8},"end":{"line":14,"column":101}},"13":{"start":{"line":17,"column":4},"end":{"line":23,"column":5}},"14":{"start":{"line":18,"column":8},"end":{"line":20,"column":11}},"15":{"start":{"line":19,"column":12},"end":{"line":19,"column":32}},"16":{"start":{"line":22,"column":8},"end":{"line":22,"column":23}},"17":{"start":{"line":26,"column":0},"end":{"line":91,"column":1}},"18":{"start":{"line":27,"column":4},"end":{"line":27,"column":21}},"19":{"start":{"line":29,"column":4},"end":{"line":32,"column":5}},"20":{"start":{"line":30,"column":8},"end":{"line":30,"column":55}},"21":{"start":{"line":31,"column":8},"end":{"line":31,"column":102}},"22":{"start":{"line":34,"column":4},"end":{"line":40,"column":5}},"23":{"start":{"line":35,"column":8},"end":{"line":35,"column":33}},"24":{"start":{"line":36,"column":8},"end":{"line":36,"column":102}},"25":{"start":{"line":37,"column":11},"end":{"line":40,"column":5}},"26":{"start":{"line":38,"column":8},"end":{"line":38,"column":32}},"27":{"start":{"line":39,"column":8},"end":{"line":39,"column":99}},"28":{"start":{"line":42,"column":4},"end":{"line":55,"column":5}},"29":{"start":{"line":43,"column":8},"end":{"line":43,"column":35}},"30":{"start":{"line":44,"column":8},"end":{"line":44,"column":33}},"31":{"start":{"line":47,"column":8},"end":{"line":52,"column":11}},"32":{"start":{"line":48,"column":12},"end":{"line":51,"column":13}},"33":{"start":{"line":50,"column":16},"end":{"line":50,"column":42}},"34":{"start":{"line":54,"column":8},"end":{"line":54,"column":140}},"35":{"start":{"line":57,"column":4},"end":{"line":60,"column":5}},"36":{"start":{"line":58,"column":8},"end":{"line":58,"column":73}},"37":{"start":{"line":59,"column":8},"end":{"line":59,"column":90}},"38":{"start":{"line":62,"column":4},"end":{"line":65,"column":5}},"39":{"start":{"line":63,"column":8},"end":{"line":63,"column":45}},"40":{"start":{"line":64,"column":8},"end":{"line":64,"column":89}},"41":{"start":{"line":67,"column":4},"end":{"line":74,"column":5}},"42":{"start":{"line":68,"column":8},"end":{"line":72,"column":10}},"43":{"start":{"line":73,"column":8},"end":{"line":73,"column":93}},"44":{"start":{"line":76,"column":4},"end":{"line":79,"column":5}},"45":{"start":{"line":77,"column":8},"end":{"line":77,"column":36}},"46":{"start":{"line":78,"column":8},"end":{"line":78,"column":124}},"47":{"start":{"line":81,"column":4},"end":{"line":84,"column":5}},"48":{"start":{"line":82,"column":8},"end":{"line":82,"column":37}},"49":{"start":{"line":83,"column":8},"end":{"line":83,"column":128}},"50":{"start":{"line":86,"column":4},"end":{"line":90,"column":5}},"51":{"start":{"line":87,"column":8},"end":{"line":89,"column":11}},"52":{"start":{"line":88,"column":12},"end":{"line":88,"column":34}},"53":{"start":{"line":93,"column":0},"end":{"line":168,"column":2}},"54":{"start":{"line":94,"column":4},"end":{"line":94,"column":22}},"55":{"start":{"line":95,"column":4},"end":{"line":95,"column":30}},"56":{"start":{"line":97,"column":4},"end":{"line":97,"column":20}},"57":{"start":{"line":98,"column":4},"end":{"line":98,"column":23}},"58":{"start":{"line":100,"column":4},"end":{"line":102,"column":7}},"59":{"start":{"line":101,"column":8},"end":{"line":101,"column":109}},"60":{"start":{"line":104,"column":4},"end":{"line":127,"column":7}},"61":{"start":{"line":105,"column":8},"end":{"line":113,"column":46}},"62":{"start":{"line":115,"column":8},"end":{"line":124,"column":46}},"63":{"start":{"line":126,"column":8},"end":{"line":126,"column":22}},"64":{"start":{"line":129,"column":4},"end":{"line":141,"column":7}},"65":{"start":{"line":130,"column":8},"end":{"line":138,"column":46}},"66":{"start":{"line":140,"column":8},"end":{"line":140,"column":22}},"67":{"start":{"line":143,"column":4},"end":{"line":154,"column":7}},"68":{"start":{"line":144,"column":8},"end":{"line":146,"column":9}},"69":{"start":{"line":145,"column":12},"end":{"line":145,"column":25}},"70":{"start":{"line":147,"column":8},"end":{"line":151,"column":45}},"71":{"start":{"line":153,"column":8},"end":{"line":153,"column":22}},"72":{"start":{"line":156,"column":4},"end":{"line":165,"column":7}},"73":{"start":{"line":158,"column":8},"end":{"line":164,"column":9}},"74":{"start":{"line":159,"column":12},"end":{"line":163,"column":13}},"75":{"start":{"line":160,"column":16},"end":{"line":160,"column":44}},"76":{"start":{"line":162,"column":16},"end":{"line":162,"column":61}},"77":{"start":{"line":167,"column":4},"end":{"line":167,"column":26}}},"branchMap":{"1":{"line":13,"type":"if","locations":[{"start":{"line":13,"column":4},"end":{"line":13,"column":4}},{"start":{"line":13,"column":4},"end":{"line":13,"column":4}}]},"2":{"line":17,"type":"if","locations":[{"start":{"line":17,"column":4},"end":{"line":17,"column":4}},{"start":{"line":17,"column":4},"end":{"line":17,"column":4}}]},"3":{"line":29,"type":"if","locations":[{"start":{"line":29,"column":4},"end":{"line":29,"column":4}},{"start":{"line":29,"column":4},"end":{"line":29,"column":4}}]},"4":{"line":34,"type":"if","locations":[{"start":{"line":34,"column":4},"end":{"line":34,"column":4}},{"start":{"line":34,"column":4},"end":{"line":34,"column":4}}]},"5":{"line":37,"type":"if","locations":[{"start":{"line":37,"column":11},"end":{"line":37,"column":11}},{"start":{"line":37,"column":11},"end":{"line":37,"column":11}}]},"6":{"line":42,"type":"if","locations":[{"start":{"line":42,"column":4},"end":{"line":42,"column":4}},{"start":{"line":42,"column":4},"end":{"line":42,"column":4}}]},"7":{"line":48,"type":"if","locations":[{"start":{"line":48,"column":12},"end":{"line":48,"column":12}},{"start":{"line":48,"column":12},"end":{"line":48,"column":12}}]},"8":{"line":57,"type":"if","locations":[{"start":{"line":57,"column":4},"end":{"line":57,"column":4}},{"start":{"line":57,"column":4},"end":{"line":57,"column":4}}]},"9":{"line":62,"type":"if","locations":[{"start":{"line":62,"column":4},"end":{"line":62,"column":4}},{"start":{"line":62,"column":4},"end":{"line":62,"column":4}}]},"10":{"line":67,"type":"if","locations":[{"start":{"line":67,"column":4},"end":{"line":67,"column":4}},{"start":{"line":67,"column":4},"end":{"line":67,"column":4}}]},"11":{"line":76,"type":"if","locations":[{"start":{"line":76,"column":4},"end":{"line":76,"column":4}},{"start":{"line":76,"column":4},"end":{"line":76,"column":4}}]},"12":{"line":81,"type":"if","locations":[{"start":{"line":81,"column":4},"end":{"line":81,"column":4}},{"start":{"line":81,"column":4},"end":{"line":81,"column":4}}]},"13":{"line":86,"type":"if","locations":[{"start":{"line":86,"column":4},"end":{"line":86,"column":4}},{"start":{"line":86,"column":4},"end":{"line":86,"column":4}}]},"14":{"line":94,"type":"binary-expr","locations":[{"start":{"line":94,"column":11},"end":{"line":94,"column":15}},{"start":{"line":94,"column":19},"end":{"line":94,"column":21}}]},"15":{"line":144,"type":"if","locations":[{"start":{"line":144,"column":8},"end":{"line":144,"column":8}},{"start":{"line":144,"column":8},"end":{"line":144,"column":8}}]},"16":{"line":158,"type":"if","locations":[{"start":{"line":158,"column":8},"end":{"line":158,"column":8}},{"start":{"line":158,"column":8},"end":{"line":158,"column":8}}]},"17":{"line":159,"type":"if","locations":[{"start":{"line":159,"column":12},"end":{"line":159,"column":12}},{"start":{"line":159,"column":12},"end":{"line":159,"column":12}}]}},"code":["var gulp    = require('gulp');","var iconify = require('./lib/iconify');","var del     = require('del');","var svg2png = require('gulp-svg2png');","var sass    = require('./lib/custom-gulp-sass');","var gutil   = require('gulp-util');","var path    = require('path');","var fs      = require('fs');","","function getErrors(opts) {","    var error = {};","","    if(!opts.src) {","        error.src = \"Error: src not defined; please specify your source (src: './img/icons/*.svg').\";","    }","","    if(Object.keys(error).length) {","        Object.keys(error).forEach(function(k) {","            gutil.log(error[k]);","        });","","        process.exit();","    }","}","","function setFallbacks(opts) {","    var warning = {};","","    if(!opts.pngOutput) {","        opts.pngOutput = path.dirname(opts.src)+'/png';","        warning.pngOutput = \"Info: No pngOutput folder defined. Using fallback (\"+opts.pngOutput+\").\";","    }","","    if(opts.cssOutput === undefined) {","        opts.cssOutput = './css';","        warning.cssOutput = \"Info: No cssOutput folder defined. Using fallback (\"+opts.cssOutput+\").\";","    } else if (opts.cssOutput === false) {","        opts.cssDisabled = true;","        warning.cssOutput = \"Info: CSS generation has been disabled. CSS files will not be saved.\";","    }","","    if(!opts.scssOutput) {","        opts.scssOutput = './scss';","        opts.scssDisabled = true;","","        // check if \"./scss\" exists, if not: remember to remove the folder lateron.","        fs.stat(path.normalize(opts.scssOutput), function (err) {","            if (err) {","                // File doesn't exist - remove scss folder on finish.","                opts.scssRemoveDir = true;","            }","        });","","        warning.scssOutput = \"Info: No scssOutput folder defined. SCSS files will not be saved (temporary files will be saved to '/scss').\";","    }","","    if(!opts.styleTemplate) {","        opts.styleTemplate = path.join(__dirname, 'lib/output.mustache');","        warning.styleTemplate = \"Info: No styleTemplate defined. Using default template.\";","    }","","    if(!opts.svgoOptions) {","        opts.svgoOptions = { enabled: true };","        warning.svgoOptions = \"Info: No SVGO options defined, enabling SVGO by default.\";","    }","","    if(!opts.svg2pngOptions) {","        opts.svg2pngOptions = {","            options: {},","            verbose: false,","            concurrency: 8","        };","        warning.svg2pngOptions = \"Info: No svg2png options defined. Using default settings.\";","    }","","    if(!opts.defaultWidth) {","        opts.defaultWidth = \"300px\";","        warning.defaultWidth = \"Info: No defaultWidth defined. Using fallback (\"+opts.defaultWidth+\") if SVG has no width.\";","    }","","    if(!opts.defaultHeight) {","        opts.defaultHeight = \"200px\";","        warning.defaultHeight = \"Info: No defaultHeight defined. Using fallback (\"+opts.defaultHeight+\") if SVG has no height.\";","    }","","    if(Object.keys(warning).length) {","        Object.keys(warning).forEach(function(k) {","            gutil.log(warning[k]);","        });","    }","}","","module.exports = function(opts) {","    opts = opts || {};","    opts.scssDisabled = false;","","    getErrors(opts);","    setFallbacks(opts);","","    gulp.task('iconify-clean', function(cb) {","        del([opts.scssOutput+'/*icons.*.scss', opts.cssOutput+'/*icons.*.css', opts.pngOutput+'/*.png'], cb);","    });","","    gulp.task('iconify-convert', ['iconify-clean'], function() {","        gulp.src(opts.src)","            .pipe(iconify({","                styleTemplate: opts.styleTemplate,","                styleName: '_icons.svg.scss',","                svgoOptions: opts.svgoOptions,","                defaultWidth: opts.defaultWidth,","                defaultHeight: opts.defaultHeight","            }))","            .pipe(gulp.dest(opts.scssOutput));","","        var stream = gulp.src(opts.src)","            .pipe(svg2png(opts.svg2pngOptions.options, opts.svg2pngOptions.verbose, opts.svg2pngOptions.concurrency))","            .pipe(gulp.dest(opts.pngOutput))","            .pipe(iconify({","                styleTemplate: opts.styleTemplate,","                styleName: '_icons.png.scss',","                defaultWidth: opts.defaultWidth,","                defaultHeight: opts.defaultHeight","            }))","            .pipe(gulp.dest(opts.scssOutput));","","        return stream;","    });","","    gulp.task('iconify-fallback', ['iconify-clean', 'iconify-convert'], function() {","        var stream = gulp.src(opts.pngOutput+'/*.png')","            .pipe(iconify({","                styleTemplate: opts.styleTemplate,","                styleName: '_icons.fallback.scss',","                noConvert: true,","                cssOutputTarget: opts.cssOutput,","                pngOutputTarget: opts.pngOutput","            }))","            .pipe(gulp.dest(opts.scssOutput));","","        return stream;","    });","","    gulp.task('iconify-sass', ['iconify-convert', 'iconify-fallback'], function() {","        if (opts.cssDisabled) {","            return false;","        }","        var stream = gulp.src(opts.scssOutput+'/_icons.*.scss')","            .pipe(sass({","                outputStyle: 'compressed'","            }))","            .pipe(gulp.dest(opts.cssOutput));","","        return stream;","    });","","    gulp.task('iconify', ['iconify-convert', 'iconify-fallback', 'iconify-sass'], function() {","        // remove SCSS folder/files if SCSS output is disabled","        if(opts.scssDisabled) {","            if(opts.scssRemoveDir) {","                del.sync([opts.scssOutput]);","            } else {","                del.sync([opts.scssOutput+'/_icons.*.scss']);","            }","        }","    });","","    gulp.start('iconify');","};",""],"l":{"1":1,"2":1,"3":1,"4":1,"5":1,"6":1,"7":1,"8":1,"10":1,"11":0,"13":0,"14":0,"17":0,"18":0,"19":0,"22":0,"26":1,"27":0,"29":0,"30":0,"31":0,"34":0,"35":0,"36":0,"37":0,"38":0,"39":0,"42":0,"43":0,"44":0,"47":0,"48":0,"50":0,"54":0,"57":0,"58":0,"59":0,"62":0,"63":0,"64":0,"67":0,"68":0,"73":0,"76":0,"77":0,"78":0,"81":0,"82":0,"83":0,"86":0,"87":0,"88":0,"93":1,"94":0,"95":0,"97":0,"98":0,"100":0,"101":0,"104":0,"105":0,"115":0,"126":0,"129":0,"130":0,"140":0,"143":0,"144":0,"145":0,"147":0,"153":0,"156":0,"158":0,"159":0,"160":0,"162":0,"167":0}},"/home/travis/build/npmtest/node-npmtest-gulp-iconify/node_modules/gulp-iconify/lib/iconify.js":{"path":"/home/travis/build/npmtest/node-npmtest-gulp-iconify/node_modules/gulp-iconify/lib/iconify.js","s":{"1":1,"2":1,"3":1,"4":1,"5":1,"6":1,"7":1,"8":1,"9":1,"10":0,"11":0,"12":0,"13":0,"14":0,"15":0,"16":0,"17":0,"18":0,"19":0,"20":0,"21":0,"22":0,"23":0,"24":0,"25":0,"26":1,"27":0,"28":0,"29":0,"30":0,"31":0,"32":0,"33":0,"34":0,"35":0,"36":0,"37":1,"38":0,"39":0,"40":0,"41":0,"42":0,"43":0,"44":0,"45":0,"46":0,"47":0,"48":0,"49":0,"50":0,"51":0,"52":0,"53":0,"54":0,"55":0,"56":0,"57":1,"58":0,"59":0,"60":0,"61":0,"62":0,"63":0,"64":0,"65":0,"66":0,"67":0,"68":0,"69":0,"70":0,"71":0,"72":0},"b":{"1":[0,0],"2":[0,0],"3":[0,0],"4":[0,0],"5":[0,0],"6":[0,0,0],"7":[0,0],"8":[0,0],"9":[0,0],"10":[0,0],"11":[0,0],"12":[0,0]},"f":{"1":0,"2":0,"3":0,"4":0,"5":0,"6":0,"7":0,"8":0,"9":0,"10":0,"11":0},"fnMap":{"1":{"name":"(anonymous_1)","line":10,"loc":{"start":{"line":10,"column":20},"end":{"line":10,"column":43}}},"2":{"name":"partialtransform","line":37,"loc":{"start":{"line":37,"column":26},"end":{"line":37,"column":70}}},"3":{"name":"(anonymous_3)","line":49,"loc":{"start":{"line":49,"column":26},"end":{"line":49,"column":41}}},"4":{"name":"(anonymous_4)","line":53,"loc":{"start":{"line":53,"column":18},"end":{"line":53,"column":30}}},"5":{"name":"normalizeSVGs","line":54,"loc":{"start":{"line":54,"column":8},"end":{"line":54,"column":54}}},"6":{"name":"(anonymous_6)","line":65,"loc":{"start":{"line":65,"column":57},"end":{"line":65,"column":74}}},"7":{"name":"(anonymous_7)","line":98,"loc":{"start":{"line":98,"column":17},"end":{"line":98,"column":32}}},"8":{"name":"(anonymous_8)","line":104,"loc":{"start":{"line":104,"column":25},"end":{"line":104,"column":40}}},"9":{"name":"(anonymous_9)","line":113,"loc":{"start":{"line":113,"column":28},"end":{"line":113,"column":48}}},"10":{"name":"(anonymous_10)","line":120,"loc":{"start":{"line":120,"column":20},"end":{"line":120,"column":31}}},"11":{"name":"(anonymous_11)","line":130,"loc":{"start":{"line":130,"column":23},"end":{"line":130,"column":43}}}},"statementMap":{"1":{"start":{"line":1,"column":0},"end":{"line":1,"column":29}},"2":{"start":{"line":2,"column":0},"end":{"line":2,"column":31}},"3":{"start":{"line":3,"column":0},"end":{"line":3,"column":35}},"4":{"start":{"line":4,"column":0},"end":{"line":4,"column":34}},"5":{"start":{"line":5,"column":0},"end":{"line":5,"column":36}},"6":{"start":{"line":6,"column":0},"end":{"line":6,"column":33}},"7":{"start":{"line":7,"column":0},"end":{"line":7,"column":31}},"8":{"start":{"line":8,"column":0},"end":{"line":8,"column":33}},"9":{"start":{"line":10,"column":0},"end":{"line":35,"column":1}},"10":{"start":{"line":11,"column":4},"end":{"line":11,"column":24}},"11":{"start":{"line":13,"column":4},"end":{"line":32,"column":5}},"12":{"start":{"line":14,"column":8},"end":{"line":14,"column":88}},"13":{"start":{"line":15,"column":8},"end":{"line":15,"column":81}},"14":{"start":{"line":16,"column":8},"end":{"line":16,"column":83}},"15":{"start":{"line":18,"column":8},"end":{"line":18,"column":55}},"16":{"start":{"line":19,"column":8},"end":{"line":19,"column":22}},"17":{"start":{"line":21,"column":8},"end":{"line":27,"column":9}},"18":{"start":{"line":22,"column":12},"end":{"line":22,"column":44}},"19":{"start":{"line":23,"column":12},"end":{"line":26,"column":13}},"20":{"start":{"line":24,"column":16},"end":{"line":24,"column":24}},"21":{"start":{"line":25,"column":16},"end":{"line":25,"column":22}},"22":{"start":{"line":29,"column":8},"end":{"line":29,"column":78}},"23":{"start":{"line":30,"column":8},"end":{"line":30,"column":16}},"24":{"start":{"line":31,"column":8},"end":{"line":31,"column":79}},"25":{"start":{"line":34,"column":4},"end":{"line":34,"column":22}},"26":{"start":{"line":37,"column":0},"end":{"line":96,"column":2}},"27":{"start":{"line":39,"column":4},"end":{"line":39,"column":37}},"28":{"start":{"line":40,"column":4},"end":{"line":40,"column":39}},"29":{"start":{"line":41,"column":4},"end":{"line":41,"column":41}},"30":{"start":{"line":42,"column":4},"end":{"line":42,"column":46}},"31":{"start":{"line":44,"column":4},"end":{"line":44,"column":36}},"32":{"start":{"line":45,"column":4},"end":{"line":45,"column":23}},"33":{"start":{"line":47,"column":4},"end":{"line":47,"column":26}},"34":{"start":{"line":49,"column":4},"end":{"line":51,"column":7}},"35":{"start":{"line":50,"column":8},"end":{"line":50,"column":42}},"36":{"start":{"line":53,"column":4},"end":{"line":93,"column":7}},"37":{"start":{"line":54,"column":8},"end":{"line":85,"column":9}},"38":{"start":{"line":55,"column":12},"end":{"line":55,"column":20}},"39":{"start":{"line":57,"column":12},"end":{"line":78,"column":13}},"40":{"start":{"line":58,"column":16},"end":{"line":72,"column":17}},"41":{"start":{"line":59,"column":20},"end":{"line":63,"column":21}},"42":{"start":{"line":60,"column":24},"end":{"line":60,"column":69}},"43":{"start":{"line":62,"column":24},"end":{"line":62,"column":45}},"44":{"start":{"line":65,"column":20},"end":{"line":71,"column":23}},"45":{"start":{"line":66,"column":24},"end":{"line":70,"column":25}},"46":{"start":{"line":67,"column":28},"end":{"line":67,"column":92}},"47":{"start":{"line":69,"column":28},"end":{"line":69,"column":69}},"48":{"start":{"line":74,"column":16},"end":{"line":74,"column":122}},"49":{"start":{"line":75,"column":16},"end":{"line":75,"column":50}},"50":{"start":{"line":77,"column":16},"end":{"line":77,"column":50}},"51":{"start":{"line":80,"column":12},"end":{"line":80,"column":83}},"52":{"start":{"line":81,"column":12},"end":{"line":81,"column":86}},"53":{"start":{"line":83,"column":12},"end":{"line":83,"column":29}},"54":{"start":{"line":84,"column":12},"end":{"line":84,"column":23}},"55":{"start":{"line":87,"column":8},"end":{"line":92,"column":46}},"56":{"start":{"line":95,"column":4},"end":{"line":95,"column":26}},"57":{"start":{"line":98,"column":0},"end":{"line":136,"column":2}},"58":{"start":{"line":99,"column":4},"end":{"line":99,"column":61}},"59":{"start":{"line":101,"column":4},"end":{"line":101,"column":20}},"60":{"start":{"line":102,"column":4},"end":{"line":102,"column":35}},"61":{"start":{"line":104,"column":4},"end":{"line":118,"column":6}},"62":{"start":{"line":105,"column":8},"end":{"line":117,"column":9}},"63":{"start":{"line":106,"column":12},"end":{"line":109,"column":15}},"64":{"start":{"line":111,"column":12},"end":{"line":116,"column":62}},"65":{"start":{"line":114,"column":20},"end":{"line":114,"column":42}},"66":{"start":{"line":120,"column":4},"end":{"line":128,"column":6}},"67":{"start":{"line":121,"column":8},"end":{"line":126,"column":12}},"68":{"start":{"line":127,"column":8},"end":{"line":127,"column":25}},"69":{"start":{"line":130,"column":4},"end":{"line":133,"column":6}},"70":{"start":{"line":131,"column":8},"end":{"line":131,"column":56}},"71":{"start":{"line":132,"column":8},"end":{"line":132,"column":35}},"72":{"start":{"line":135,"column":4},"end":{"line":135,"column":50}}},"branchMap":{"1":{"line":13,"type":"if","locations":[{"start":{"line":13,"column":4},"end":{"line":13,"column":4}},{"start":{"line":13,"column":4},"end":{"line":13,"column":4}}]},"2":{"line":23,"type":"if","locations":[{"start":{"line":23,"column":12},"end":{"line":23,"column":12}},{"start":{"line":23,"column":12},"end":{"line":23,"column":12}}]},"3":{"line":47,"type":"binary-expr","locations":[{"start":{"line":47,"column":10},"end":{"line":47,"column":13}},{"start":{"line":47,"column":17},"end":{"line":47,"column":25}}]},"4":{"line":57,"type":"if","locations":[{"start":{"line":57,"column":12},"end":{"line":57,"column":12}},{"start":{"line":57,"column":12},"end":{"line":57,"column":12}}]},"5":{"line":58,"type":"if","locations":[{"start":{"line":58,"column":16},"end":{"line":58,"column":16}},{"start":{"line":58,"column":16},"end":{"line":58,"column":16}}]},"6":{"line":58,"type":"binary-expr","locations":[{"start":{"line":58,"column":19},"end":{"line":58,"column":58}},{"start":{"line":58,"column":63},"end":{"line":58,"column":110}},{"start":{"line":58,"column":114},"end":{"line":58,"column":147}}]},"7":{"line":59,"type":"if","locations":[{"start":{"line":59,"column":20},"end":{"line":59,"column":20}},{"start":{"line":59,"column":20},"end":{"line":59,"column":20}}]},"8":{"line":66,"type":"if","locations":[{"start":{"line":66,"column":24},"end":{"line":66,"column":24}},{"start":{"line":66,"column":24},"end":{"line":66,"column":24}}]},"9":{"line":80,"type":"binary-expr","locations":[{"start":{"line":80,"column":33},"end":{"line":80,"column":42}},{"start":{"line":80,"column":46},"end":{"line":80,"column":63}}]},"10":{"line":81,"type":"binary-expr","locations":[{"start":{"line":81,"column":34},"end":{"line":81,"column":44}},{"start":{"line":81,"column":48},"end":{"line":81,"column":66}}]},"11":{"line":105,"type":"if","locations":[{"start":{"line":105,"column":8},"end":{"line":105,"column":8}},{"start":{"line":105,"column":8},"end":{"line":105,"column":8}}]},"12":{"line":131,"type":"binary-expr","locations":[{"start":{"line":131,"column":31},"end":{"line":131,"column":39}},{"start":{"line":131,"column":41},"end":{"line":131,"column":43}}]}},"code":["var fs       = require('fs');","var path     = require('path');","var mustache = require('mustache');","var through  = require('through');","var gutil    = require('gulp-util');","var imacss   = require('imacss');","var svgo     = require('svgo');","var dom      = require('xmldom');","","var getDimensions = function (type, image) {","    var dimensions = {};","","    if(type === 'svg') {","        var doc = new dom.DOMParser().parseFromString(image.contents.toString('utf-8'));","        dimensions.width = Math.round(doc.documentElement.getAttribute('width'));","        dimensions.height = Math.round(doc.documentElement.getAttribute('height'));","    } else {","        var hexString = image.contents.toString(\"hex\");","        var i = 16, l;","","        for( l = hexString.length; i < l; i++ ){","            var d = hexString.slice(i, i+8);","            if( d === \"49484452\" ){","                i = i+8;","                break;","            }","        }","","        dimensions.width = parseInt(hexString.slice(i, i+8).toString(16), 16);","        i = i+8;","        dimensions.height = parseInt(hexString.slice(i, i+8).toString(16), 16);","    }","","    return dimensions;","}","","imacss.partialtransform = function partialtransform (glob, css, opts) {","    // imacss extra includes","    var domain   = require('domain');","    var through  = require('through2');","    var pipeline = require('imacss/lib');","    var pkg      = require('../package.json');","","    var execution = domain.create();","    var transformation;","","    css = css || pkg.name;","","    execution.on('error', function (err) {","        transformation.emit('error', err);","    });","","    execution.run(function () {","        function normalizeSVGs (image, enc, callback) {","            var dim;","","            if(image.mime === 'image/svg+xml') {","                if(typeof opts.svgoOptions !== 'undefined' && (typeof opts.svgoOptions.enabled === 'undefined' || opts.svgoOptions.enabled === true)) {","                    if(typeof opts.svgoOptions.options === 'object') {","                        var svg = new svgo(opts.svgoOptions.options);","                    } else {","                        var svg = new svgo();","                    }","","                    svg.optimize(String(image.contents), function(result) {","                        if (result.error) {","                            gutil.log('Error: ' + result.error + ' [file: '+image.name+']');","                        } else {","                            image.contents = new Buffer(result.data);","                        }","                    });","                }","","                image.datauri = 'data:'+image.mime+';charset=UTF-8,'+encodeURIComponent(image.contents.toString('utf-8'));","                dim = getDimensions('svg', image);","            } else {","                dim = getDimensions('png', image);","            }","","            image.width = String(dim.width || opts.defaultWidth).replace(/px/, \"\");","            image.height = String(dim.height || opts.defaultHeight).replace(/px/, \"\");","","            this.push(image);","            callback();","        }","","        transformation = pipeline.createFileStream(glob)","            .pipe(pipeline.purify())","            .pipe(pipeline.slugify())","            .pipe(pipeline.mimeify())","            .pipe(pipeline.urify())","            .pipe(through.obj(normalizeSVGs));","    });","","    return transformation;","};","","module.exports = function(opts) {","    var tpl = fs.readFileSync(opts.styleTemplate).toString();","","    var buffer = [];","    var noConvert = opts.noConvert;","","    var bufferContents = function(file) {","        if(noConvert) {","            buffer.push({","                slug: file.relative.replace('.'+getExtension(file.relative), ''),","                datauri: path.join(path.relative(opts.cssOutputTarget, opts.pngOutputTarget), file.relative)","            });","        } else {","            imacss","                .partialtransform(file, 'icon', opts)","                .on('data', function (selector) {","                    buffer.push(selector);","                })","                .once('error', this.emit.bind(this, 'error'));","        }","    };","","    var endStream = function() {","        this.emit('data', new gutil.File({","            contents: new Buffer(mustache.render(tpl, {","                items: buffer","            }), 'utf8'),","            path: opts.styleName","        }));","        this.emit('end');","    };","","    var getExtension = function (filename) {","        var ext = path.extname(filename||'').split('.');","        return ext[ext.length - 1];","    };","","    return new through(bufferContents, endStream);","};",""],"l":{"1":1,"2":1,"3":1,"4":1,"5":1,"6":1,"7":1,"8":1,"10":1,"11":0,"13":0,"14":0,"15":0,"16":0,"18":0,"19":0,"21":0,"22":0,"23":0,"24":0,"25":0,"29":0,"30":0,"31":0,"34":0,"37":1,"39":0,"40":0,"41":0,"42":0,"44":0,"45":0,"47":0,"49":0,"50":0,"53":0,"54":1,"55":0,"57":0,"58":0,"59":0,"60":0,"62":0,"65":0,"66":0,"67":0,"69":0,"74":0,"75":0,"77":0,"80":0,"81":0,"83":0,"84":0,"87":0,"95":0,"98":1,"99":0,"101":0,"102":0,"104":0,"105":0,"106":0,"111":0,"114":0,"120":0,"121":0,"127":0,"130":0,"131":0,"132":0,"135":0}},"/home/travis/build/npmtest/node-npmtest-gulp-iconify/node_modules/gulp-iconify/lib/custom-gulp-sass.js":{"path":"/home/travis/build/npmtest/node-npmtest-gulp-iconify/node_modules/gulp-iconify/lib/custom-gulp-sass.js","s":{"1":1,"2":1,"3":1,"4":1,"5":1,"6":1,"7":1,"8":0,"9":0,"10":0,"11":0,"12":0,"13":0,"14":0,"15":0,"16":0,"17":0,"18":0,"19":0,"20":0,"21":0,"22":0,"23":0,"24":0,"25":0,"26":0,"27":0,"28":0,"29":0,"30":0,"31":0,"32":0,"33":0,"34":0,"35":0,"36":0,"37":0,"38":0,"39":0,"40":0,"41":0,"42":0,"43":0,"44":0,"45":0,"46":0,"47":0,"48":0,"49":0,"50":0,"51":0,"52":0,"53":0,"54":0,"55":0,"56":0,"57":0,"58":0,"59":0,"60":0,"61":0,"62":0,"63":0,"64":0,"65":0,"66":0,"67":0,"68":0,"69":0,"70":0,"71":0,"72":0,"73":0,"74":1,"75":0,"76":1,"77":0,"78":0,"79":0,"80":1,"81":1},"b":{"1":[0,0],"2":[0,0],"3":[0,0],"4":[0,0],"5":[0,0],"6":[0,0],"7":[0,0],"8":[0,0],"9":[0,0],"10":[0,0],"11":[0,0],"12":[0,0],"13":[0,0],"14":[0,0],"15":[0,0],"16":[0,0]},"f":{"1":0,"2":0,"3":0,"4":0,"5":0,"6":0,"7":0,"8":0},"fnMap":{"1":{"name":"gulpSass","line":14,"loc":{"start":{"line":14,"column":15},"end":{"line":14,"column":48}}},"2":{"name":"(anonymous_2)","line":15,"loc":{"start":{"line":15,"column":23},"end":{"line":15,"column":47}}},"3":{"name":"filePush","line":63,"loc":{"start":{"line":63,"column":19},"end":{"line":63,"column":46}}},"4":{"name":"(anonymous_4)","line":90,"loc":{"start":{"line":90,"column":57},"end":{"line":90,"column":71}}},"5":{"name":"errorM","line":118,"loc":{"start":{"line":118,"column":17},"end":{"line":118,"column":40}}},"6":{"name":"(anonymous_6)","line":141,"loc":{"start":{"line":141,"column":23},"end":{"line":141,"column":44}}},"7":{"name":"sync","line":169,"loc":{"start":{"line":169,"column":16},"end":{"line":169,"column":39}}},"8":{"name":"logError","line":176,"loc":{"start":{"line":176,"column":20},"end":{"line":176,"column":45}}}},"statementMap":{"1":{"start":{"line":3,"column":0},"end":{"line":3,"column":42}},"2":{"start":{"line":4,"column":0},"end":{"line":4,"column":41}},"3":{"start":{"line":5,"column":0},"end":{"line":5,"column":46}},"4":{"start":{"line":6,"column":0},"end":{"line":6,"column":37}},"5":{"start":{"line":7,"column":0},"end":{"line":7,"column":55}},"6":{"start":{"line":9,"column":0},"end":{"line":9,"column":30}},"7":{"start":{"line":14,"column":0},"end":{"line":164,"column":2}},"8":{"start":{"line":15,"column":4},"end":{"line":163,"column":7}},"9":{"start":{"line":16,"column":8},"end":{"line":20,"column":19}},"10":{"start":{"line":22,"column":8},"end":{"line":24,"column":9}},"11":{"start":{"line":23,"column":12},"end":{"line":23,"column":34}},"12":{"start":{"line":25,"column":8},"end":{"line":27,"column":9}},"13":{"start":{"line":26,"column":12},"end":{"line":26,"column":85}},"14":{"start":{"line":28,"column":8},"end":{"line":31,"column":9}},"15":{"start":{"line":29,"column":12},"end":{"line":29,"column":66}},"16":{"start":{"line":30,"column":12},"end":{"line":30,"column":34}},"17":{"start":{"line":33,"column":8},"end":{"line":33,"column":35}},"18":{"start":{"line":34,"column":8},"end":{"line":34,"column":45}},"19":{"start":{"line":37,"column":8},"end":{"line":39,"column":9}},"20":{"start":{"line":38,"column":12},"end":{"line":38,"column":39}},"21":{"start":{"line":42,"column":8},"end":{"line":49,"column":9}},"22":{"start":{"line":43,"column":12},"end":{"line":45,"column":13}},"23":{"start":{"line":44,"column":16},"end":{"line":44,"column":56}},"24":{"start":{"line":48,"column":12},"end":{"line":48,"column":35}},"25":{"start":{"line":51,"column":8},"end":{"line":51,"column":59}},"26":{"start":{"line":54,"column":8},"end":{"line":58,"column":9}},"27":{"start":{"line":55,"column":12},"end":{"line":55,"column":39}},"28":{"start":{"line":56,"column":12},"end":{"line":56,"column":41}},"29":{"start":{"line":57,"column":12},"end":{"line":57,"column":42}},"30":{"start":{"line":63,"column":8},"end":{"line":113,"column":10}},"31":{"start":{"line":64,"column":12},"end":{"line":69,"column":32}},"32":{"start":{"line":72,"column":12},"end":{"line":101,"column":13}},"33":{"start":{"line":74,"column":16},"end":{"line":74,"column":61}},"34":{"start":{"line":76,"column":16},"end":{"line":76,"column":70}},"35":{"start":{"line":78,"column":16},"end":{"line":78,"column":44}},"36":{"start":{"line":80,"column":16},"end":{"line":80,"column":60}},"37":{"start":{"line":81,"column":16},"end":{"line":88,"column":17}},"38":{"start":{"line":83,"column":20},"end":{"line":87,"column":21}},"39":{"start":{"line":84,"column":24},"end":{"line":86,"column":25}},"40":{"start":{"line":85,"column":28},"end":{"line":85,"column":124}},"41":{"start":{"line":90,"column":16},"end":{"line":94,"column":19}},"42":{"start":{"line":91,"column":20},"end":{"line":93,"column":21}},"43":{"start":{"line":92,"column":24},"end":{"line":92,"column":35}},"44":{"start":{"line":95,"column":16},"end":{"line":95,"column":50}},"45":{"start":{"line":96,"column":16},"end":{"line":96,"column":53}},"46":{"start":{"line":98,"column":16},"end":{"line":98,"column":75}},"47":{"start":{"line":100,"column":16},"end":{"line":100,"column":46}},"48":{"start":{"line":103,"column":12},"end":{"line":103,"column":40}},"49":{"start":{"line":104,"column":12},"end":{"line":104,"column":66}},"50":{"start":{"line":106,"column":12},"end":{"line":106,"column":45}},"51":{"start":{"line":107,"column":12},"end":{"line":110,"column":13}},"52":{"start":{"line":108,"column":16},"end":{"line":108,"column":85}},"53":{"start":{"line":109,"column":16},"end":{"line":109,"column":44}},"54":{"start":{"line":112,"column":12},"end":{"line":112,"column":27}},"55":{"start":{"line":118,"column":8},"end":{"line":135,"column":10}},"56":{"start":{"line":119,"column":12},"end":{"line":121,"column":29}},"57":{"start":{"line":123,"column":12},"end":{"line":123,"column":55}},"58":{"start":{"line":124,"column":12},"end":{"line":124,"column":66}},"59":{"start":{"line":126,"column":12},"end":{"line":126,"column":67}},"60":{"start":{"line":127,"column":12},"end":{"line":127,"column":39}},"61":{"start":{"line":129,"column":12},"end":{"line":129,"column":45}},"62":{"start":{"line":130,"column":12},"end":{"line":130,"column":61}},"63":{"start":{"line":132,"column":12},"end":{"line":134,"column":15}},"64":{"start":{"line":137,"column":8},"end":{"line":162,"column":9}},"65":{"start":{"line":141,"column":12},"end":{"line":146,"column":14}},"66":{"start":{"line":142,"column":16},"end":{"line":144,"column":17}},"67":{"start":{"line":143,"column":20},"end":{"line":143,"column":41}},"68":{"start":{"line":145,"column":16},"end":{"line":145,"column":30}},"69":{"start":{"line":148,"column":12},"end":{"line":148,"column":53}},"70":{"start":{"line":154,"column":12},"end":{"line":161,"column":13}},"71":{"start":{"line":155,"column":16},"end":{"line":155,"column":60}},"72":{"start":{"line":157,"column":16},"end":{"line":157,"column":33}},"73":{"start":{"line":160,"column":16},"end":{"line":160,"column":37}},"74":{"start":{"line":169,"column":0},"end":{"line":171,"column":2}},"75":{"start":{"line":170,"column":4},"end":{"line":170,"column":35}},"76":{"start":{"line":176,"column":0},"end":{"line":180,"column":2}},"77":{"start":{"line":177,"column":4},"end":{"line":177,"column":83}},"78":{"start":{"line":178,"column":4},"end":{"line":178,"column":41}},"79":{"start":{"line":179,"column":4},"end":{"line":179,"column":21}},"80":{"start":{"line":185,"column":0},"end":{"line":185,"column":41}},"81":{"start":{"line":187,"column":0},"end":{"line":187,"column":26}}},"branchMap":{"1":{"line":22,"type":"if","locations":[{"start":{"line":22,"column":8},"end":{"line":22,"column":8}},{"start":{"line":22,"column":8},"end":{"line":22,"column":8}}]},"2":{"line":25,"type":"if","locations":[{"start":{"line":25,"column":8},"end":{"line":25,"column":8}},{"start":{"line":25,"column":8},"end":{"line":25,"column":8}}]},"3":{"line":28,"type":"if","locations":[{"start":{"line":28,"column":8},"end":{"line":28,"column":8}},{"start":{"line":28,"column":8},"end":{"line":28,"column":8}}]},"4":{"line":37,"type":"if","locations":[{"start":{"line":37,"column":8},"end":{"line":37,"column":8}},{"start":{"line":37,"column":8},"end":{"line":37,"column":8}}]},"5":{"line":42,"type":"if","locations":[{"start":{"line":42,"column":8},"end":{"line":42,"column":8}},{"start":{"line":42,"column":8},"end":{"line":42,"column":8}}]},"6":{"line":43,"type":"if","locations":[{"start":{"line":43,"column":12},"end":{"line":43,"column":12}},{"start":{"line":43,"column":12},"end":{"line":43,"column":12}}]},"7":{"line":54,"type":"if","locations":[{"start":{"line":54,"column":8},"end":{"line":54,"column":8}},{"start":{"line":54,"column":8},"end":{"line":54,"column":8}}]},"8":{"line":72,"type":"if","locations":[{"start":{"line":72,"column":12},"end":{"line":72,"column":12}},{"start":{"line":72,"column":12},"end":{"line":72,"column":12}}]},"9":{"line":81,"type":"if","locations":[{"start":{"line":81,"column":16},"end":{"line":81,"column":16}},{"start":{"line":81,"column":16},"end":{"line":81,"column":16}}]},"10":{"line":84,"type":"if","locations":[{"start":{"line":84,"column":24},"end":{"line":84,"column":24}},{"start":{"line":84,"column":24},"end":{"line":84,"column":24}}]},"11":{"line":91,"type":"if","locations":[{"start":{"line":91,"column":20},"end":{"line":91,"column":20}},{"start":{"line":91,"column":20},"end":{"line":91,"column":20}}]},"12":{"line":107,"type":"if","locations":[{"start":{"line":107,"column":12},"end":{"line":107,"column":12}},{"start":{"line":107,"column":12},"end":{"line":107,"column":12}}]},"13":{"line":120,"type":"cond-expr","locations":[{"start":{"line":120,"column":52},"end":{"line":120,"column":61}},{"start":{"line":120,"column":64},"end":{"line":120,"column":74}}]},"14":{"line":123,"type":"cond-expr","locations":[{"start":{"line":123,"column":34},"end":{"line":123,"column":42}},{"start":{"line":123,"column":45},"end":{"line":123,"column":54}}]},"15":{"line":137,"type":"if","locations":[{"start":{"line":137,"column":8},"end":{"line":137,"column":8}},{"start":{"line":137,"column":8},"end":{"line":137,"column":8}}]},"16":{"line":142,"type":"if","locations":[{"start":{"line":142,"column":16},"end":{"line":142,"column":16}},{"start":{"line":142,"column":16},"end":{"line":142,"column":16}}]}},"code":["'use strict';","","var gutil          = require('gulp-util');","var through        = require('through2');","var assign         = require('object-assign');","var path           = require('path');","var applySourceMap = require('vinyl-sourcemaps-apply');","","var PLUGIN_NAME = 'gulp-sass';","","//////////////////////////////","// Main Gulp Sass function","//////////////////////////////","var gulpSass = function gulpSass(options, sync) {","    return through.obj(function(file, enc, cb) {","        var opts,","            filePush,","            errorM,","            callback,","            result;","","        if (file.isNull()) {","            return cb(null, file);","        }","        if (file.isStream()) {","            return cb(new gutil.PluginError(PLUGIN_NAME, 'Streaming not supported'));","        }","        if (!file.contents.length) {","            file.path = gutil.replaceExtension(file.path, '.css');","            return cb(null, file);","        }","","        opts = assign({}, options);","        opts.data = file.contents.toString();","","        // Ensure `indentedSyntax` is true if a `.sass` file","        if (path.extname(file.path) === '.sass') {","            opts.indentedSyntax = true;","        }","","        // Ensure file's parent directory in the include path","        if (opts.includePaths) {","            if (typeof opts.includePaths === 'string') {","                opts.includePaths = [opts.includePaths];","            }","        }","        else {","            opts.includePaths = [];","        }","","        opts.includePaths.unshift(path.dirname(file.path));","","        // Generate Source Maps if plugin source-map present","        if (file.sourceMap) {","            opts.sourceMap = file.path;","            opts.omitSourceMapUrl = true;","            opts.sourceMapContents = true;","        }","","        //////////////////////////////","        // Handles returning the file to the stream","        //////////////////////////////","        filePush = function filePush(sassObj) {","            var sassMap,","                sassMapFile,","                sassFileSrc,","                sassFileSrcPath,","                sourceFileIndex,","                filteredSources;","","            // Build Source Maps!","            if (sassObj.map) {","                // Transform map into JSON","                sassMap = JSON.parse(sassObj.map.toString());","                // Grab the stdout and transform it into stdin","                sassMapFile = sassMap.file.replace('stdout', 'stdin');","                // Grab the base file name that's being worked on","                sassFileSrc = file.relative;","                // Grab the path portion of the file that's being worked on","                sassFileSrcPath = path.dirname(sassFileSrc);","                if (sassFileSrcPath) {","                    //Prepend the path to all files in the sources array except the file that's being worked on","                    for (sourceFileIndex = 0; sourceFileIndex < sassMap.sources.length; sourceFileIndex++) {","                        if (sourceFileIndex !== sassMap.sources.indexOf(sassMapFile)) {","                            sassMap.sources[sourceFileIndex] = path.join(sassFileSrcPath, sassMap.sources[sourceFileIndex]);","                        }","                    }","                }","                // Remove 'stdin' from souces and replace with filenames!","                filteredSources = sassMap.sources.filter(function(src) {","                    if (src.indexOf('stdin') === -1) {","                        return src;","                    }","                });","                sassMap.sources = filteredSources;","                sassMap.sources.unshift(sassFileSrc);","                // Replace the map file with the original file name (but new extension)","                sassMap.file = gutil.replaceExtension(sassFileSrc, '.css');","                // Apply the map","                applySourceMap(file, sassMap);","            }","","            file.contents = sassObj.css;","            file.path = gutil.replaceExtension(file.path, '.css');","","            var parts = file.path.split('/');","            if(parts.length) {","                parts[parts.length - 1] = parts[parts.length - 1].replace(/^_+/, '');","                file.path = parts.join('/');","            }","","            cb(null, file);","        };","","        //////////////////////////////","        // Handles error message","        //////////////////////////////","        errorM = function errorM(error) {","            var relativePath = '',","                filePath = error.file === 'stdin' ? file.path : error.file,","                message = '';","","            filePath = filePath ? filePath : file.path;","            relativePath = path.relative(process.cwd(), filePath);","","            message += gutil.colors.underline(relativePath) + '\\n';","            message += error.formatted;","","            error.messageFormatted = message;","            error.message = gutil.colors.stripColor(message);","","            return cb(new gutil.PluginError(","                PLUGIN_NAME, error","            ));","        };","","        if (sync !== true) {","            //////////////////////////////","            // Async Sass render","            //////////////////////////////","            callback = function(error, obj) {","                if (error) {","                    return errorM(error);","                }","                filePush(obj);","            };","","            gulpSass.compiler.render(opts, callback);","        }","        else {","            //////////////////////////////","            // Sync Sass render","            //////////////////////////////","            try {","                result = gulpSass.compiler.renderSync(opts);","","                filePush(result);","            }","            catch (error) {","                return errorM(error);","            }","        }","    });","};","","//////////////////////////////","// Sync Sass render","//////////////////////////////","gulpSass.sync = function sync(options) {","    return gulpSass(options, true);","};","","//////////////////////////////","// Log errors nicely","//////////////////////////////","gulpSass.logError = function logError(error) {","    var message = new gutil.PluginError('sass', error.messageFormatted).toString();","    process.stderr.write(message + '\\n');","    this.emit('end');","};","","//////////////////////////////","// Store compiler in a prop","//////////////////////////////","gulpSass.compiler = require('node-sass');","","module.exports = gulpSass;"],"l":{"3":1,"4":1,"5":1,"6":1,"7":1,"9":1,"14":1,"15":0,"16":0,"22":0,"23":0,"25":0,"26":0,"28":0,"29":0,"30":0,"33":0,"34":0,"37":0,"38":0,"42":0,"43":0,"44":0,"48":0,"51":0,"54":0,"55":0,"56":0,"57":0,"63":0,"64":0,"72":0,"74":0,"76":0,"78":0,"80":0,"81":0,"83":0,"84":0,"85":0,"90":0,"91":0,"92":0,"95":0,"96":0,"98":0,"100":0,"103":0,"104":0,"106":0,"107":0,"108":0,"109":0,"112":0,"118":0,"119":0,"123":0,"124":0,"126":0,"127":0,"129":0,"130":0,"132":0,"137":0,"141":0,"142":0,"143":0,"145":0,"148":0,"154":0,"155":0,"157":0,"160":0,"169":1,"170":0,"176":1,"177":0,"178":0,"179":0,"185":1,"187":1}}}